<?xml version="1.0" encoding="UTF-8"?>
<!-- Generated by org.testng.reporters.JUnitXMLReporter -->
<testsuite hostname="Rashels-Air.lan" failures="2" tests="2" name="Running Smoke suite in chrome" time="18.995" errors="0" timestamp="28 Sep 2020 06:49:39 GMT">
  <testcase classname="Test_Cases.Successfully_sent_mail_test$Sign_in_test" name="Sucessfully_sent_mail_Test" time="3.565">
    <failure type="java.lang.StackOverflowError">
      <![CDATA[java.lang.StackOverflowError
	at java.base/sun.util.calendar.ZoneInfo.getOffsets(ZoneInfo.java:250)
	at java.base/sun.util.calendar.ZoneInfo.getOffsets(ZoneInfo.java:227)
	at java.base/java.util.GregorianCalendar.computeFields(GregorianCalendar.java:2337)
	at java.base/java.util.GregorianCalendar.computeFields(GregorianCalendar.java:2309)
	at java.base/java.util.Calendar.setTimeInMillis(Calendar.java:1834)
	at java.base/java.util.Calendar$Builder.build(Calendar.java:1519)
	at java.base/sun.util.locale.provider.CalendarProviderImpl.getInstance(CalendarProviderImpl.java:87)
	at java.base/java.util.Calendar.createCalendar(Calendar.java:1696)
	at java.base/java.util.Calendar.getInstance(Calendar.java:1660)
	at java.base/java.text.SimpleDateFormat.initializeCalendar(SimpleDateFormat.java:676)
	at java.base/java.text.SimpleDateFormat.<init>(SimpleDateFormat.java:620)
	at java.base/java.text.SimpleDateFormat.<init>(SimpleDateFormat.java:599)
	at base.WDFunctions.getSysTime(WDFunctions.java:146)
	at base.WDFunctions.getSysTime(WDFunctions.java:150)
	at base.WDFunctions.getSysTime(WDFunctions.java:150)
	at base.WDFunctions.getSysTime(WDFunctions.java:150)
	at base.WDFunctions.getSysTime(WDFunctions.java:150)
	at base.WDFunctions.getSysTime(WDFunctions.java:150)
	at base.WDFunctions.getSysTime(WDFunctions.java:150)
	at base.WDFunctions.getSysTime(WDFunctions.java:150)
	at base.WDFunctions.getSysTime(WDFunctions.java:150)
	at base.WDFunctions.getSysTime(WDFunctions.java:150)
	at base.WDFunctions.getSysTime(WDFunctions.java:150)
	at base.WDFunctions.getSysTime(WDFunctions.java:150)
	at base.WDFunctions.getSysTime(WDFunctions.java:150)
	at base.WDFunctions.getSysTime(WDFunctions.java:150)
	at base.WDFunctions.getSysTime(WDFunctions.java:150)
	at base.WDFunctions.getSysTime(WDFunctions.java:150)
	at base.WDFunctions.getSysTime(WDFunctions.java:150)
	at base.WDFunctions.getSysTime(WDFunctions.java:150)
	at base.WDFunctions.getSysTime(WDFunctions.java:150)
	at base.WDFunctions.getSysTime(WDFunctions.java:150)
	at base.WDFunctions.getSysTime(WDFunctions.java:150)
	at base.WDFunctions.getSysTime(WDFunctions.java:150)
	at base.WDFunctions.getSysTime(WDFunctions.java:150)
	at base.WDFunctions.getSysTime(WDFunctions.java:150)
	at base.WDFunctions.getSysTime(WDFunctions.java:150)
	at base.WDFunctions.getSysTime(WDFunctions.java:150)
	at base.WDFunctions.getSysTime(WDFunctions.java:150)
	at base.WDFunctions.getSysTime(WDFunctions.java:150)
	at base.WDFunctions.getSysTime(WDFunctions.java:150)
	at base.WDFunctions.getSysTime(WDFunctions.java:150)
	at base.WDFunctions.getSysTime(WDFunctions.java:150)
	at base.WDFunctions.getSysTime(WDFunctions.java:150)
	at base.WDFunctions.getSysTime(WDFunctions.java:150)
	at base.WDFunctions.getSysTime(WDFunctions.java:150)
	at base.WDFunctions.getSysTime(WDFunctions.java:150)
	at base.WDFunctions.getSysTime(WDFunctions.java:150)
	at base.WDFunctions.getSysTime(WDFunctions.java:150)
	at base.WDFunctions.getSysTime(WDFunctions.java:150)
	at base.WDFunctions.getSysTime(WDFunctions.java:150)
	at base.WDFunctions.getSysTime(WDFunctions.java:150)
	at base.WDFunctions.getSysTime(WDFunctions.java:150)
	at base.WDFunctions.getSysTime(WDFunctions.java:150)
	at base.WDFunctions.getSysTime(WDFunctions.java:150)
	at base.WDFunctions.getSysTime(WDFunctions.java:150)
	at base.WDFunctions.getSysTime(WDFunctions.java:150)
	at base.WDFunctions.getSysTime(WDFunctions.java:150)
	at base.WDFunctions.getSysTime(WDFunctions.java:150)
	at base.WDFunctions.getSysTime(WDFunctions.java:150)
	at base.WDFunctions.getSysTime(WDFunctions.java:150)
	at base.WDFunctions.getSysTime(WDFunctions.java:150)
	at base.WDFunctions.getSysTime(WDFunctions.java:150)
	at base.WDFunctions.getSysTime(WDFunctions.java:150)
	at base.WDFunctions.getSysTime(WDFunctions.java:150)
	at base.WDFunctions.getSysTime(WDFunctions.java:150)
	at base.WDFunctions.getSysTime(WDFunctions.java:150)
	at base.WDFunctions.getSysTime(WDFunctions.java:150)
	at base.WDFunctions.getSysTime(WDFunctions.java:150)
	at base.WDFunctions.getSysTime(WDFunctions.java:150)
	at base.WDFunctions.getSysTime(WDFunctions.java:150)
	at base.WDFunctions.getSysTime(WDFunctions.java:150)
	at base.WDFunctions.getSysTime(WDFunctions.java:150)
	at base.WDFunctions.getSysTime(WDFunctions.java:150)
	at base.WDFunctions.getSysTime(WDFunctions.java:150)
	at base.WDFunctions.getSysTime(WDFunctions.java:150)
	at base.WDFunctions.getSysTime(WDFunctions.java:150)
	at base.WDFunctions.getSysTime(WDFunctions.java:150)
	at base.WDFunctions.getSysTime(WDFunctions.java:150)
	at base.WDFunctions.getSysTime(WDFunctions.java:150)
	at base.WDFunctions.getSysTime(WDFunctions.java:150)
	at base.WDFunctions.getSysTime(WDFunctions.java:150)
	at base.WDFunctions.getSysTime(WDFunctions.java:150)
	at base.WDFunctions.getSysTime(WDFunctions.java:150)
	at base.WDFunctions.getSysTime(WDFunctions.java:150)
	at base.WDFunctions.getSysTime(WDFunctions.java:150)
	at base.WDFunctions.getSysTime(WDFunctions.java:150)
	at base.WDFunctions.getSysTime(WDFunctions.java:150)
	at base.WDFunctions.getSysTime(WDFunctions.java:150)
	at base.WDFunctions.getSysTime(WDFunctions.java:150)
	at base.WDFunctions.getSysTime(WDFunctions.java:150)
	at base.WDFunctions.getSysTime(WDFunctions.java:150)
	at base.WDFunctions.getSysTime(WDFunctions.java:150)
	at base.WDFunctions.getSysTime(WDFunctions.java:150)
	at base.WDFunctions.getSysTime(WDFunctions.java:150)
	at base.WDFunctions.getSysTime(WDFunctions.java:150)
	at base.WDFunctions.getSysTime(WDFunctions.java:150)
	at base.WDFunctions.getSysTime(WDFunctions.java:150)
	at base.WDFunctions.getSysTime(WDFunctions.java:150)
	at base.WDFunctions.getSysTime(WDFunctions.java:150)
	at base.WDFunctions.getSysTime(WDFunctions.java:150)
	at base.WDFunctions.getSysTime(WDFunctions.java:150)
	at base.WDFunctions.getSysTime(WDFunctions.java:150)
	at base.WDFunctions.getSysTime(WDFunctions.java:150)
	at base.WDFunctions.getSysTime(WDFunctions.java:150)
	at base.WDFunctions.getSysTime(WDFunctions.java:150)
	at base.WDFunctions.getSysTime(WDFunctions.java:150)
	at base.WDFunctions.getSysTime(WDFunctions.java:150)
	at base.WDFunctions.getSysTime(WDFunctions.java:150)
	at base.WDFunctions.getSysTime(WDFunctions.java:150)
	at base.WDFunctions.getSysTime(WDFunctions.java:150)
	at base.WDFunctions.getSysTime(WDFunctions.java:150)
	at base.WDFunctions.getSysTime(WDFunctions.java:150)
	at base.WDFunctions.getSysTime(WDFunctions.java:150)
	at base.WDFunctions.getSysTime(WDFunctions.java:150)
	at base.WDFunctions.getSysTime(WDFunctions.java:150)
	at base.WDFunctions.getSysTime(WDFunctions.java:150)
	at base.WDFunctions.getSysTime(WDFunctions.java:150)
	at base.WDFunctions.getSysTime(WDFunctions.java:150)
	at base.WDFunctions.getSysTime(WDFunctions.java:150)
	at base.WDFunctions.getSysTime(WDFunctions.java:150)
	at base.WDFunctions.getSysTime(WDFunctions.java:150)
	at base.WDFunctions.getSysTime(WDFunctions.java:150)
	at base.WDFunctions.getSysTime(WDFunctions.java:150)
	at base.WDFunctions.getSysTime(WDFunctions.java:150)
	at base.WDFunctions.getSysTime(WDFunctions.java:150)
	at base.WDFunctions.getSysTime(WDFunctions.java:150)
	at base.WDFunctions.getSysTime(WDFunctions.java:150)
	at base.WDFunctions.getSysTime(WDFunctions.java:150)
	at base.WDFunctions.getSysTime(WDFunctions.java:150)
	at base.WDFunctions.getSysTime(WDFunctions.java:150)
	at base.WDFunctions.getSysTime(WDFunctions.java:150)
	at base.WDFunctions.getSysTime(WDFunctions.java:150)
	at base.WDFunctions.getSysTime(WDFunctions.java:150)
	at base.WDFunctions.getSysTime(WDFunctions.java:150)
	at base.WDFunctions.getSysTime(WDFunctions.java:150)
	at base.WDFunctions.getSysTime(WDFunctions.java:150)
	at base.WDFunctions.getSysTime(WDFunctions.java:150)
	at base.WDFunctions.getSysTime(WDFunctions.java:150)
	at base.WDFunctions.getSysTime(WDFunctions.java:150)
	at base.WDFunctions.getSysTime(WDFunctions.java:150)
	at base.WDFunctions.getSysTime(WDFunctions.java:150)
	at base.WDFunctions.getSysTime(WDFunctions.java:150)
	at base.WDFunctions.getSysTime(WDFunctions.java:150)
	at base.WDFunctions.getSysTime(WDFunctions.java:150)
	at base.WDFunctions.getSysTime(WDFunctions.java:150)
	at base.WDFunctions.getSysTime(WDFunctions.java:150)
	at base.WDFunctions.getSysTime(WDFunctions.java:150)
	at base.WDFunctions.getSysTime(WDFunctions.java:150)
	at base.WDFunctions.getSysTime(WDFunctions.java:150)
	at base.WDFunctions.getSysTime(WDFunctions.java:150)
	at base.WDFunctions.getSysTime(WDFunctions.java:150)
	at base.WDFunctions.getSysTime(WDFunctions.java:150)
	at base.WDFunctions.getSysTime(WDFunctions.java:150)
	at base.WDFunctions.getSysTime(WDFunctions.java:150)
	at base.WDFunctions.getSysTime(WDFunctions.java:150)
	at base.WDFunctions.getSysTime(WDFunctions.java:150)
	at base.WDFunctions.getSysTime(WDFunctions.java:150)
	at base.WDFunctions.getSysTime(WDFunctions.java:150)
	at base.WDFunctions.getSysTime(WDFunctions.java:150)
	at base.WDFunctions.getSysTime(WDFunctions.java:150)
	at base.WDFunctions.getSysTime(WDFunctions.java:150)
	at base.WDFunctions.getSysTime(WDFunctions.java:150)
	at base.WDFunctions.getSysTime(WDFunctions.java:150)
	at base.WDFunctions.getSysTime(WDFunctions.java:150)
	at base.WDFunctions.getSysTime(WDFunctions.java:150)
	at base.WDFunctions.getSysTime(WDFunctions.java:150)
	at base.WDFunctions.getSysTime(WDFunctions.java:150)
	at base.WDFunctions.getSysTime(WDFunctions.java:150)
	at base.WDFunctions.getSysTime(WDFunctions.java:150)
	at base.WDFunctions.getSysTime(WDFunctions.java:150)
	at base.WDFunctions.getSysTime(WDFunctions.java:150)
	at base.WDFunctions.getSysTime(WDFunctions.java:150)
	at base.WDFunctions.getSysTime(WDFunctions.java:150)
	at base.WDFunctions.getSysTime(WDFunctions.java:150)
	at base.WDFunctions.getSysTime(WDFunctions.java:150)
	at base.WDFunctions.getSysTime(WDFunctions.java:150)
	at base.WDFunctions.getSysTime(WDFunctions.java:150)
	at base.WDFunctions.getSysTime(WDFunctions.java:150)
	at base.WDFunctions.getSysTime(WDFunctions.java:150)
	at base.WDFunctions.getSysTime(WDFunctions.java:150)
	at base.WDFunctions.getSysTime(WDFunctions.java:150)
	at base.WDFunctions.getSysTime(WDFunctions.java:150)
	at base.WDFunctions.getSysTime(WDFunctions.java:150)
	at base.WDFunctions.getSysTime(WDFunctions.java:150)
	at base.WDFunctions.getSysTime(WDFunctions.java:150)
	at base.WDFunctions.getSysTime(WDFunctions.java:150)
	at base.WDFunctions.getSysTime(WDFunctions.java:150)
	at base.WDFunctions.getSysTime(WDFunctions.java:150)
	at base.WDFunctions.getSysTime(WDFunctions.java:150)
	at base.WDFunctions.getSysTime(WDFunctions.java:150)
	at base.WDFunctions.getSysTime(WDFunctions.java:150)
	at base.WDFunctions.getSysTime(WDFunctions.java:150)
	at base.WDFunctions.getSysTime(WDFunctions.java:150)
	at base.WDFunctions.getSysTime(WDFunctions.java:150)
	at base.WDFunctions.getSysTime(WDFunctions.java:150)
	at base.WDFunctions.getSysTime(WDFunctions.java:150)
	at base.WDFunctions.getSysTime(WDFunctions.java:150)
	at base.WDFunctions.getSysTime(WDFunctions.java:150)
	at base.WDFunctions.getSysTime(WDFunctions.java:150)
	at base.WDFunctions.getSysTime(WDFunctions.java:150)
	at base.WDFunctions.getSysTime(WDFunctions.java:150)
	at base.WDFunctions.getSysTime(WDFunctions.java:150)
	at base.WDFunctions.getSysTime(WDFunctions.java:150)
	at base.WDFunctions.getSysTime(WDFunctions.java:150)
	at base.WDFunctions.getSysTime(WDFunctions.java:150)
	at base.WDFunctions.getSysTime(WDFunctions.java:150)
	at base.WDFunctions.getSysTime(WDFunctions.java:150)
	at base.WDFunctions.getSysTime(WDFunctions.java:150)
	at base.WDFunctions.getSysTime(WDFunctions.java:150)
	at base.WDFunctions.getSysTime(WDFunctions.java:150)
	at base.WDFunctions.getSysTime(WDFunctions.java:150)
	at base.WDFunctions.getSysTime(WDFunctions.java:150)
	at base.WDFunctions.getSysTime(WDFunctions.java:150)
	at base.WDFunctions.getSysTime(WDFunctions.java:150)
	at base.WDFunctions.getSysTime(WDFunctions.java:150)
	at base.WDFunctions.getSysTime(WDFunctions.java:150)
	at base.WDFunctions.getSysTime(WDFunctions.java:150)
	at base.WDFunctions.getSysTime(WDFunctions.java:150)
	at base.WDFunctions.getSysTime(WDFunctions.java:150)
	at base.WDFunctions.getSysTime(WDFunctions.java:150)
	at base.WDFunctions.getSysTime(WDFunctions.java:150)
	at base.WDFunctions.getSysTime(WDFunctions.java:150)
	at base.WDFunctions.getSysTime(WDFunctions.java:150)
	at base.WDFunctions.getSysTime(WDFunctions.java:150)
	at base.WDFunctions.getSysTime(WDFunctions.java:150)
	at base.WDFunctions.getSysTime(WDFunctions.java:150)
	at base.WDFunctions.getSysTime(WDFunctions.java:150)
	at base.WDFunctions.getSysTime(WDFunctions.java:150)
	at base.WDFunctions.getSysTime(WDFunctions.java:150)
	at base.WDFunctions.getSysTime(WDFunctions.java:150)
	at base.WDFunctions.getSysTime(WDFunctions.java:150)
	at base.WDFunctions.getSysTime(WDFunctions.java:150)
	at base.WDFunctions.getSysTime(WDFunctions.java:150)
	at base.WDFunctions.getSysTime(WDFunctions.java:150)
	at base.WDFunctions.getSysTime(WDFunctions.java:150)
	at base.WDFunctions.getSysTime(WDFunctions.java:150)
	at base.WDFunctions.getSysTime(WDFunctions.java:150)
	at base.WDFunctions.getSysTime(WDFunctions.java:150)
	at base.WDFunctions.getSysTime(WDFunctions.java:150)
	at base.WDFunctions.getSysTime(WDFunctions.java:150)
	at base.WDFunctions.getSysTime(WDFunctions.java:150)
	at base.WDFunctions.getSysTime(WDFunctions.java:150)
	at base.WDFunctions.getSysTime(WDFunctions.java:150)
	at base.WDFunctions.getSysTime(WDFunctions.java:150)
	at base.WDFunctions.getSysTime(WDFunctions.java:150)
	at base.WDFunctions.getSysTime(WDFunctions.java:150)
	at base.WDFunctions.getSysTime(WDFunctions.java:150)
	at base.WDFunctions.getSysTime(WDFunctions.java:150)
	at base.WDFunctions.getSysTime(WDFunctions.java:150)
	at base.WDFunctions.getSysTime(WDFunctions.java:150)
	at base.WDFunctions.getSysTime(WDFunctions.java:150)
	at base.WDFunctions.getSysTime(WDFunctions.java:150)
	at base.WDFunctions.getSysTime(WDFunctions.java:150)
	at base.WDFunctions.getSysTime(WDFunctions.java:150)
	at base.WDFunctions.getSysTime(WDFunctions.java:150)
	at base.WDFunctions.getSysTime(WDFunctions.java:150)
	at base.WDFunctions.getSysTime(WDFunctions.java:150)
	at base.WDFunctions.getSysTime(WDFunctions.java:150)
	at base.WDFunctions.getSysTime(WDFunctions.java:150)
	at base.WDFunctions.getSysTime(WDFunctions.java:150)
	at base.WDFunctions.getSysTime(WDFunctions.java:150)
	at base.WDFunctions.getSysTime(WDFunctions.java:150)
	at base.WDFunctions.getSysTime(WDFunctions.java:150)
	at base.WDFunctions.getSysTime(WDFunctions.java:150)
	at base.WDFunctions.getSysTime(WDFunctions.java:150)
	at base.WDFunctions.getSysTime(WDFunctions.java:150)
	at base.WDFunctions.getSysTime(WDFunctions.java:150)
	at base.WDFunctions.getSysTime(WDFunctions.java:150)
	at base.WDFunctions.getSysTime(WDFunctions.java:150)
	at base.WDFunctions.getSysTime(WDFunctions.java:150)
	at base.WDFunctions.getSysTime(WDFunctions.java:150)
	at base.WDFunctions.getSysTime(WDFunctions.java:150)
	at base.WDFunctions.getSysTime(WDFunctions.java:150)
	at base.WDFunctions.getSysTime(WDFunctions.java:150)
	at base.WDFunctions.getSysTime(WDFunctions.java:150)
	at base.WDFunctions.getSysTime(WDFunctions.java:150)
	at base.WDFunctions.getSysTime(WDFunctions.java:150)
	at base.WDFunctions.getSysTime(WDFunctions.java:150)
	at base.WDFunctions.getSysTime(WDFunctions.java:150)
	at base.WDFunctions.getSysTime(WDFunctions.java:150)
	at base.WDFunctions.getSysTime(WDFunctions.java:150)
	at base.WDFunctions.getSysTime(WDFunctions.java:150)
	at base.WDFunctions.getSysTime(WDFunctions.java:150)
	at base.WDFunctions.getSysTime(WDFunctions.java:150)
	at base.WDFunctions.getSysTime(WDFunctions.java:150)
	at base.WDFunctions.getSysTime(WDFunctions.java:150)
	at base.WDFunctions.getSysTime(WDFunctions.java:150)
	at base.WDFunctions.getSysTime(WDFunctions.java:150)
	at base.WDFunctions.getSysTime(WDFunctions.java:150)
	at base.WDFunctions.getSysTime(WDFunctions.java:150)
	at base.WDFunctions.getSysTime(WDFunctions.java:150)
	at base.WDFunctions.getSysTime(WDFunctions.java:150)
	at base.WDFunctions.getSysTime(WDFunctions.java:150)
	at base.WDFunctions.getSysTime(WDFunctions.java:150)
	at base.WDFunctions.getSysTime(WDFunctions.java:150)
	at base.WDFunctions.getSysTime(WDFunctions.java:150)
	at base.WDFunctions.getSysTime(WDFunctions.java:150)
	at base.WDFunctions.getSysTime(WDFunctions.java:150)
	at base.WDFunctions.getSysTime(WDFunctions.java:150)
	at base.WDFunctions.getSysTime(WDFunctions.java:150)
	at base.WDFunctions.getSysTime(WDFunctions.java:150)
	at base.WDFunctions.getSysTime(WDFunctions.java:150)
	at base.WDFunctions.getSysTime(WDFunctions.java:150)
	at base.WDFunctions.getSysTime(WDFunctions.java:150)
	at base.WDFunctions.getSysTime(WDFunctions.java:150)
	at base.WDFunctions.getSysTime(WDFunctions.java:150)
	at base.WDFunctions.getSysTime(WDFunctions.java:150)
	at base.WDFunctions.getSysTime(WDFunctions.java:150)
	at base.WDFunctions.getSysTime(WDFunctions.java:150)
	at base.WDFunctions.getSysTime(WDFunctions.java:150)
	at base.WDFunctions.getSysTime(WDFunctions.java:150)
	at base.WDFunctions.getSysTime(WDFunctions.java:150)
	at base.WDFunctions.getSysTime(WDFunctions.java:150)
	at base.WDFunctions.getSysTime(WDFunctions.java:150)
	at base.WDFunctions.getSysTime(WDFunctions.java:150)
	at base.WDFunctions.getSysTime(WDFunctions.java:150)
	at base.WDFunctions.getSysTime(WDFunctions.java:150)
	at base.WDFunctions.getSysTime(WDFunctions.java:150)
	at base.WDFunctions.getSysTime(WDFunctions.java:150)
	at base.WDFunctions.getSysTime(WDFunctions.java:150)
	at base.WDFunctions.getSysTime(WDFunctions.java:150)
	at base.WDFunctions.getSysTime(WDFunctions.java:150)
	at base.WDFunctions.getSysTime(WDFunctions.java:150)
	at base.WDFunctions.getSysTime(WDFunctions.java:150)
	at base.WDFunctions.getSysTime(WDFunctions.java:150)
	at base.WDFunctions.getSysTime(WDFunctions.java:150)
	at base.WDFunctions.getSysTime(WDFunctions.java:150)
	at base.WDFunctions.getSysTime(WDFunctions.java:150)
	at base.WDFunctions.getSysTime(WDFunctions.java:150)
	at base.WDFunctions.getSysTime(WDFunctions.java:150)
	at base.WDFunctions.getSysTime(WDFunctions.java:150)
	at base.WDFunctions.getSysTime(WDFunctions.java:150)
	at base.WDFunctions.getSysTime(WDFunctions.java:150)
	at base.WDFunctions.getSysTime(WDFunctions.java:150)
	at base.WDFunctions.getSysTime(WDFunctions.java:150)
	at base.WDFunctions.getSysTime(WDFunctions.java:150)
	at base.WDFunctions.getSysTime(WDFunctions.java:150)
	at base.WDFunctions.getSysTime(WDFunctions.java:150)
	at base.WDFunctions.getSysTime(WDFunctions.java:150)
	at base.WDFunctions.getSysTime(WDFunctions.java:150)
	at base.WDFunctions.getSysTime(WDFunctions.java:150)
	at base.WDFunctions.getSysTime(WDFunctions.java:150)
	at base.WDFunctions.getSysTime(WDFunctions.java:150)
	at base.WDFunctions.getSysTime(WDFunctions.java:150)
	at base.WDFunctions.getSysTime(WDFunctions.java:150)
	at base.WDFunctions.getSysTime(WDFunctions.java:150)
	at base.WDFunctions.getSysTime(WDFunctions.java:150)
	at base.WDFunctions.getSysTime(WDFunctions.java:150)
	at base.WDFunctions.getSysTime(WDFunctions.java:150)
	at base.WDFunctions.getSysTime(WDFunctions.java:150)
	at base.WDFunctions.getSysTime(WDFunctions.java:150)
	at base.WDFunctions.getSysTime(WDFunctions.java:150)
	at base.WDFunctions.getSysTime(WDFunctions.java:150)
	at base.WDFunctions.getSysTime(WDFunctions.java:150)
	at base.WDFunctions.getSysTime(WDFunctions.java:150)
	at base.WDFunctions.getSysTime(WDFunctions.java:150)
	at base.WDFunctions.getSysTime(WDFunctions.java:150)
	at base.WDFunctions.getSysTime(WDFunctions.java:150)
	at base.WDFunctions.getSysTime(WDFunctions.java:150)
	at base.WDFunctions.getSysTime(WDFunctions.java:150)
	at base.WDFunctions.getSysTime(WDFunctions.java:150)
	at base.WDFunctions.getSysTime(WDFunctions.java:150)
	at base.WDFunctions.getSysTime(WDFunctions.java:150)
	at base.WDFunctions.getSysTime(WDFunctions.java:150)
	at base.WDFunctions.getSysTime(WDFunctions.java:150)
	at base.WDFunctions.getSysTime(WDFunctions.java:150)
	at base.WDFunctions.getSysTime(WDFunctions.java:150)
	at base.WDFunctions.getSysTime(WDFunctions.java:150)
	at base.WDFunctions.getSysTime(WDFunctions.java:150)
	at base.WDFunctions.getSysTime(WDFunctions.java:150)
	at base.WDFunctions.getSysTime(WDFunctions.java:150)
	at base.WDFunctions.getSysTime(WDFunctions.java:150)
	at base.WDFunctions.getSysTime(WDFunctions.java:150)
	at base.WDFunctions.getSysTime(WDFunctions.java:150)
	at base.WDFunctions.getSysTime(WDFunctions.java:150)
	at base.WDFunctions.getSysTime(WDFunctions.java:150)
	at base.WDFunctions.getSysTime(WDFunctions.java:150)
	at base.WDFunctions.getSysTime(WDFunctions.java:150)
	at base.WDFunctions.getSysTime(WDFunctions.java:150)
	at base.WDFunctions.getSysTime(WDFunctions.java:150)
	at base.WDFunctions.getSysTime(WDFunctions.java:150)
	at base.WDFunctions.getSysTime(WDFunctions.java:150)
	at base.WDFunctions.getSysTime(WDFunctions.java:150)
	at base.WDFunctions.getSysTime(WDFunctions.java:150)
	at base.WDFunctions.getSysTime(WDFunctions.java:150)
	at base.WDFunctions.getSysTime(WDFunctions.java:150)
	at base.WDFunctions.getSysTime(WDFunctions.java:150)
	at base.WDFunctions.getSysTime(WDFunctions.java:150)
	at base.WDFunctions.getSysTime(WDFunctions.java:150)
	at base.WDFunctions.getSysTime(WDFunctions.java:150)
	at base.WDFunctions.getSysTime(WDFunctions.java:150)
	at base.WDFunctions.getSysTime(WDFunctions.java:150)
	at base.WDFunctions.getSysTime(WDFunctions.java:150)
	at base.WDFunctions.getSysTime(WDFunctions.java:150)
	at base.WDFunctions.getSysTime(WDFunctions.java:150)
	at base.WDFunctions.getSysTime(WDFunctions.java:150)
	at base.WDFunctions.getSysTime(WDFunctions.java:150)
	at base.WDFunctions.getSysTime(WDFunctions.java:150)
	at base.WDFunctions.getSysTime(WDFunctions.java:150)
	at base.WDFunctions.getSysTime(WDFunctions.java:150)
	at base.WDFunctions.getSysTime(WDFunctions.java:150)
	at base.WDFunctions.getSysTime(WDFunctions.java:150)
	at base.WDFunctions.getSysTime(WDFunctions.java:150)
	at base.WDFunctions.getSysTime(WDFunctions.java:150)
	at base.WDFunctions.getSysTime(WDFunctions.java:150)
	at base.WDFunctions.getSysTime(WDFunctions.java:150)
	at base.WDFunctions.getSysTime(WDFunctions.java:150)
	at base.WDFunctions.getSysTime(WDFunctions.java:150)
	at base.WDFunctions.getSysTime(WDFunctions.java:150)
	at base.WDFunctions.getSysTime(WDFunctions.java:150)
	at base.WDFunctions.getSysTime(WDFunctions.java:150)
	at base.WDFunctions.getSysTime(WDFunctions.java:150)
	at base.WDFunctions.getSysTime(WDFunctions.java:150)
	at base.WDFunctions.getSysTime(WDFunctions.java:150)
	at base.WDFunctions.getSysTime(WDFunctions.java:150)
	at base.WDFunctions.getSysTime(WDFunctions.java:150)
	at base.WDFunctions.getSysTime(WDFunctions.java:150)
	at base.WDFunctions.getSysTime(WDFunctions.java:150)
	at base.WDFunctions.getSysTime(WDFunctions.java:150)
	at base.WDFunctions.getSysTime(WDFunctions.java:150)
	at base.WDFunctions.getSysTime(WDFunctions.java:150)
	at base.WDFunctions.getSysTime(WDFunctions.java:150)
	at base.WDFunctions.getSysTime(WDFunctions.java:150)
	at base.WDFunctions.getSysTime(WDFunctions.java:150)
	at base.WDFunctions.getSysTime(WDFunctions.java:150)
	at base.WDFunctions.getSysTime(WDFunctions.java:150)
	at base.WDFunctions.getSysTime(WDFunctions.java:150)
	at base.WDFunctions.getSysTime(WDFunctions.java:150)
	at base.WDFunctions.getSysTime(WDFunctions.java:150)
	at base.WDFunctions.getSysTime(WDFunctions.java:150)
	at base.WDFunctions.getSysTime(WDFunctions.java:150)
	at base.WDFunctions.getSysTime(WDFunctions.java:150)
	at base.WDFunctions.getSysTime(WDFunctions.java:150)
	at base.WDFunctions.getSysTime(WDFunctions.java:150)
	at base.WDFunctions.getSysTime(WDFunctions.java:150)
	at base.WDFunctions.getSysTime(WDFunctions.java:150)
	at base.WDFunctions.getSysTime(WDFunctions.java:150)
	at base.WDFunctions.getSysTime(WDFunctions.java:150)
	at base.WDFunctions.getSysTime(WDFunctions.java:150)
	at base.WDFunctions.getSysTime(WDFunctions.java:150)
	at base.WDFunctions.getSysTime(WDFunctions.java:150)
	at base.WDFunctions.getSysTime(WDFunctions.java:150)
	at base.WDFunctions.getSysTime(WDFunctions.java:150)
	at base.WDFunctions.getSysTime(WDFunctions.java:150)
	at base.WDFunctions.getSysTime(WDFunctions.java:150)
	at base.WDFunctions.getSysTime(WDFunctions.java:150)
	at base.WDFunctions.getSysTime(WDFunctions.java:150)
	at base.WDFunctions.getSysTime(WDFunctions.java:150)
	at base.WDFunctions.getSysTime(WDFunctions.java:150)
	at base.WDFunctions.getSysTime(WDFunctions.java:150)
	at base.WDFunctions.getSysTime(WDFunctions.java:150)
	at base.WDFunctions.getSysTime(WDFunctions.java:150)
	at base.WDFunctions.getSysTime(WDFunctions.java:150)
	at base.WDFunctions.getSysTime(WDFunctions.java:150)
	at base.WDFunctions.getSysTime(WDFunctions.java:150)
	at base.WDFunctions.getSysTime(WDFunctions.java:150)
	at base.WDFunctions.getSysTime(WDFunctions.java:150)
	at base.WDFunctions.getSysTime(WDFunctions.java:150)
	at base.WDFunctions.getSysTime(WDFunctions.java:150)
	at base.WDFunctions.getSysTime(WDFunctions.java:150)
	at base.WDFunctions.getSysTime(WDFunctions.java:150)
	at base.WDFunctions.getSysTime(WDFunctions.java:150)
	at base.WDFunctions.getSysTime(WDFunctions.java:150)
	at base.WDFunctions.getSysTime(WDFunctions.java:150)
	at base.WDFunctions.getSysTime(WDFunctions.java:150)
	at base.WDFunctions.getSysTime(WDFunctions.java:150)
	at base.WDFunctions.getSysTime(WDFunctions.java:150)
	at base.WDFunctions.getSysTime(WDFunctions.java:150)
	at base.WDFunctions.getSysTime(WDFunctions.java:150)
	at base.WDFunctions.getSysTime(WDFunctions.java:150)
	at base.WDFunctions.getSysTime(WDFunctions.java:150)
	at base.WDFunctions.getSysTime(WDFunctions.java:150)
	at base.WDFunctions.getSysTime(WDFunctions.java:150)
	at base.WDFunctions.getSysTime(WDFunctions.java:150)
	at base.WDFunctions.getSysTime(WDFunctions.java:150)
	at base.WDFunctions.getSysTime(WDFunctions.java:150)
	at base.WDFunctions.getSysTime(WDFunctions.java:150)
	at base.WDFunctions.getSysTime(WDFunctions.java:150)
	at base.WDFunctions.getSysTime(WDFunctions.java:150)
	at base.WDFunctions.getSysTime(WDFunctions.java:150)
	at base.WDFunctions.getSysTime(WDFunctions.java:150)
	at base.WDFunctions.getSysTime(WDFunctions.java:150)
	at base.WDFunctions.getSysTime(WDFunctions.java:150)
	at base.WDFunctions.getSysTime(WDFunctions.java:150)
	at base.WDFunctions.getSysTime(WDFunctions.java:150)
	at base.WDFunctions.getSysTime(WDFunctions.java:150)
	at base.WDFunctions.getSysTime(WDFunctions.java:150)
	at base.WDFunctions.getSysTime(WDFunctions.java:150)
	at base.WDFunctions.getSysTime(WDFunctions.java:150)
	at base.WDFunctions.getSysTime(WDFunctions.java:150)
	at base.WDFunctions.getSysTime(WDFunctions.java:150)
	at base.WDFunctions.getSysTime(WDFunctions.java:150)
	at base.WDFunctions.getSysTime(WDFunctions.java:150)
	at base.WDFunctions.getSysTime(WDFunctions.java:150)
	at base.WDFunctions.getSysTime(WDFunctions.java:150)
	at base.WDFunctions.getSysTime(WDFunctions.java:150)
	at base.WDFunctions.getSysTime(WDFunctions.java:150)
	at base.WDFunctions.getSysTime(WDFunctions.java:150)
	at base.WDFunctions.getSysTime(WDFunctions.java:150)
	at base.WDFunctions.getSysTime(WDFunctions.java:150)
	at base.WDFunctions.getSysTime(WDFunctions.java:150)
	at base.WDFunctions.getSysTime(WDFunctions.java:150)
	at base.WDFunctions.getSysTime(WDFunctions.java:150)
	at base.WDFunctions.getSysTime(WDFunctions.java:150)
	at base.WDFunctions.getSysTime(WDFunctions.java:150)
	at base.WDFunctions.getSysTime(WDFunctions.java:150)
	at base.WDFunctions.getSysTime(WDFunctions.java:150)
	at base.WDFunctions.getSysTime(WDFunctions.java:150)
	at base.WDFunctions.getSysTime(WDFunctions.java:150)
	at base.WDFunctions.getSysTime(WDFunctions.java:150)
	at base.WDFunctions.getSysTime(WDFunctions.java:150)
	at base.WDFunctions.getSysTime(WDFunctions.java:150)
	at base.WDFunctions.getSysTime(WDFunctions.java:150)
	at base.WDFunctions.getSysTime(WDFunctions.java:150)
	at base.WDFunctions.getSysTime(WDFunctions.java:150)
	at base.WDFunctions.getSysTime(WDFunctions.java:150)
	at base.WDFunctions.getSysTime(WDFunctions.java:150)
	at base.WDFunctions.getSysTime(WDFunctions.java:150)
	at base.WDFunctions.getSysTime(WDFunctions.java:150)
	at base.WDFunctions.getSysTime(WDFunctions.java:150)
	at base.WDFunctions.getSysTime(WDFunctions.java:150)
	at base.WDFunctions.getSysTime(WDFunctions.java:150)
	at base.WDFunctions.getSysTime(WDFunctions.java:150)
	at base.WDFunctions.getSysTime(WDFunctions.java:150)
	at base.WDFunctions.getSysTime(WDFunctions.java:150)
	at base.WDFunctions.getSysTime(WDFunctions.java:150)
	at base.WDFunctions.getSysTime(WDFunctions.java:150)
	at base.WDFunctions.getSysTime(WDFunctions.java:150)
	at base.WDFunctions.getSysTime(WDFunctions.java:150)
	at base.WDFunctions.getSysTime(WDFunctions.java:150)
	at base.WDFunctions.getSysTime(WDFunctions.java:150)
	at base.WDFunctions.getSysTime(WDFunctions.java:150)
	at base.WDFunctions.getSysTime(WDFunctions.java:150)
	at base.WDFunctions.getSysTime(WDFunctions.java:150)
	at base.WDFunctions.getSysTime(WDFunctions.java:150)
	at base.WDFunctions.getSysTime(WDFunctions.java:150)
	at base.WDFunctions.getSysTime(WDFunctions.java:150)
	at base.WDFunctions.getSysTime(WDFunctions.java:150)
	at base.WDFunctions.getSysTime(WDFunctions.java:150)
	at base.WDFunctions.getSysTime(WDFunctions.java:150)
	at base.WDFunctions.getSysTime(WDFunctions.java:150)
	at base.WDFunctions.getSysTime(WDFunctions.java:150)
	at base.WDFunctions.getSysTime(WDFunctions.java:150)
	at base.WDFunctions.getSysTime(WDFunctions.java:150)
	at base.WDFunctions.getSysTime(WDFunctions.java:150)
	at base.WDFunctions.getSysTime(WDFunctions.java:150)
	at base.WDFunctions.getSysTime(WDFunctions.java:150)
	at base.WDFunctions.getSysTime(WDFunctions.java:150)
	at base.WDFunctions.getSysTime(WDFunctions.java:150)
	at base.WDFunctions.getSysTime(WDFunctions.java:150)
	at base.WDFunctions.getSysTime(WDFunctions.java:150)
	at base.WDFunctions.getSysTime(WDFunctions.java:150)
	at base.WDFunctions.getSysTime(WDFunctions.java:150)
	at base.WDFunctions.getSysTime(WDFunctions.java:150)
	at base.WDFunctions.getSysTime(WDFunctions.java:150)
	at base.WDFunctions.getSysTime(WDFunctions.java:150)
	at base.WDFunctions.getSysTime(WDFunctions.java:150)
	at base.WDFunctions.getSysTime(WDFunctions.java:150)
	at base.WDFunctions.getSysTime(WDFunctions.java:150)
	at base.WDFunctions.getSysTime(WDFunctions.java:150)
	at base.WDFunctions.getSysTime(WDFunctions.java:150)
	at base.WDFunctions.getSysTime(WDFunctions.java:150)
	at base.WDFunctions.getSysTime(WDFunctions.java:150)
	at base.WDFunctions.getSysTime(WDFunctions.java:150)
	at base.WDFunctions.getSysTime(WDFunctions.java:150)
	at base.WDFunctions.getSysTime(WDFunctions.java:150)
	at base.WDFunctions.getSysTime(WDFunctions.java:150)
	at base.WDFunctions.getSysTime(WDFunctions.java:150)
	at base.WDFunctions.getSysTime(WDFunctions.java:150)
	at base.WDFunctions.getSysTime(WDFunctions.java:150)
	at base.WDFunctions.getSysTime(WDFunctions.java:150)
	at base.WDFunctions.getSysTime(WDFunctions.java:150)
	at base.WDFunctions.getSysTime(WDFunctions.java:150)
	at base.WDFunctions.getSysTime(WDFunctions.java:150)
	at base.WDFunctions.getSysTime(WDFunctions.java:150)
	at base.WDFunctions.getSysTime(WDFunctions.java:150)
	at base.WDFunctions.getSysTime(WDFunctions.java:150)
	at base.WDFunctions.getSysTime(WDFunctions.java:150)
	at base.WDFunctions.getSysTime(WDFunctions.java:150)
	at base.WDFunctions.getSysTime(WDFunctions.java:150)
	at base.WDFunctions.getSysTime(WDFunctions.java:150)
	at base.WDFunctions.getSysTime(WDFunctions.java:150)
	at base.WDFunctions.getSysTime(WDFunctions.java:150)
	at base.WDFunctions.getSysTime(WDFunctions.java:150)
	at base.WDFunctions.getSysTime(WDFunctions.java:150)
	at base.WDFunctions.getSysTime(WDFunctions.java:150)
	at base.WDFunctions.getSysTime(WDFunctions.java:150)
	at base.WDFunctions.getSysTime(WDFunctions.java:150)
	at base.WDFunctions.getSysTime(WDFunctions.java:150)
	at base.WDFunctions.getSysTime(WDFunctions.java:150)
	at base.WDFunctions.getSysTime(WDFunctions.java:150)
	at base.WDFunctions.getSysTime(WDFunctions.java:150)
	at base.WDFunctions.getSysTime(WDFunctions.java:150)
	at base.WDFunctions.getSysTime(WDFunctions.java:150)
	at base.WDFunctions.getSysTime(WDFunctions.java:150)
	at base.WDFunctions.getSysTime(WDFunctions.java:150)
	at base.WDFunctions.getSysTime(WDFunctions.java:150)
	at base.WDFunctions.getSysTime(WDFunctions.java:150)
	at base.WDFunctions.getSysTime(WDFunctions.java:150)
	at base.WDFunctions.getSysTime(WDFunctions.java:150)
	at base.WDFunctions.getSysTime(WDFunctions.java:150)
	at base.WDFunctions.getSysTime(WDFunctions.java:150)
	at base.WDFunctions.getSysTime(WDFunctions.java:150)
	at base.WDFunctions.getSysTime(WDFunctions.java:150)
	at base.WDFunctions.getSysTime(WDFunctions.java:150)
	at base.WDFunctions.getSysTime(WDFunctions.java:150)
	at base.WDFunctions.getSysTime(WDFunctions.java:150)
	at base.WDFunctions.getSysTime(WDFunctions.java:150)
	at base.WDFunctions.getSysTime(WDFunctions.java:150)
	at base.WDFunctions.getSysTime(WDFunctions.java:150)
	at base.WDFunctions.getSysTime(WDFunctions.java:150)
	at base.WDFunctions.getSysTime(WDFunctions.java:150)
	at base.WDFunctions.getSysTime(WDFunctions.java:150)
	at base.WDFunctions.getSysTime(WDFunctions.java:150)
	at base.WDFunctions.getSysTime(WDFunctions.java:150)
	at base.WDFunctions.getSysTime(WDFunctions.java:150)
	at base.WDFunctions.getSysTime(WDFunctions.java:150)
	at base.WDFunctions.getSysTime(WDFunctions.java:150)
	at base.WDFunctions.getSysTime(WDFunctions.java:150)
	at base.WDFunctions.getSysTime(WDFunctions.java:150)
	at base.WDFunctions.getSysTime(WDFunctions.java:150)
	at base.WDFunctions.getSysTime(WDFunctions.java:150)
	at base.WDFunctions.getSysTime(WDFunctions.java:150)
	at base.WDFunctions.getSysTime(WDFunctions.java:150)
	at base.WDFunctions.getSysTime(WDFunctions.java:150)
	at base.WDFunctions.getSysTime(WDFunctions.java:150)
	at base.WDFunctions.getSysTime(WDFunctions.java:150)
	at base.WDFunctions.getSysTime(WDFunctions.java:150)
	at base.WDFunctions.getSysTime(WDFunctions.java:150)
	at base.WDFunctions.getSysTime(WDFunctions.java:150)
	at base.WDFunctions.getSysTime(WDFunctions.java:150)
	at base.WDFunctions.getSysTime(WDFunctions.java:150)
	at base.WDFunctions.getSysTime(WDFunctions.java:150)
	at base.WDFunctions.getSysTime(WDFunctions.java:150)
	at base.WDFunctions.getSysTime(WDFunctions.java:150)
	at base.WDFunctions.getSysTime(WDFunctions.java:150)
	at base.WDFunctions.getSysTime(WDFunctions.java:150)
	at base.WDFunctions.getSysTime(WDFunctions.java:150)
	at base.WDFunctions.getSysTime(WDFunctions.java:150)
	at base.WDFunctions.getSysTime(WDFunctions.java:150)
	at base.WDFunctions.getSysTime(WDFunctions.java:150)
	at base.WDFunctions.getSysTime(WDFunctions.java:150)
	at base.WDFunctions.getSysTime(WDFunctions.java:150)
	at base.WDFunctions.getSysTime(WDFunctions.java:150)
	at base.WDFunctions.getSysTime(WDFunctions.java:150)
	at base.WDFunctions.getSysTime(WDFunctions.java:150)
	at base.WDFunctions.getSysTime(WDFunctions.java:150)
	at base.WDFunctions.getSysTime(WDFunctions.java:150)
	at base.WDFunctions.getSysTime(WDFunctions.java:150)
	at base.WDFunctions.getSysTime(WDFunctions.java:150)
	at base.WDFunctions.getSysTime(WDFunctions.java:150)
	at base.WDFunctions.getSysTime(WDFunctions.java:150)
	at base.WDFunctions.getSysTime(WDFunctions.java:150)
	at base.WDFunctions.getSysTime(WDFunctions.java:150)
	at base.WDFunctions.getSysTime(WDFunctions.java:150)
	at base.WDFunctions.getSysTime(WDFunctions.java:150)
	at base.WDFunctions.getSysTime(WDFunctions.java:150)
	at base.WDFunctions.getSysTime(WDFunctions.java:150)
	at base.WDFunctions.getSysTime(WDFunctions.java:150)
	at base.WDFunctions.getSysTime(WDFunctions.java:150)
	at base.WDFunctions.getSysTime(WDFunctions.java:150)
	at base.WDFunctions.getSysTime(WDFunctions.java:150)
	at base.WDFunctions.getSysTime(WDFunctions.java:150)
	at base.WDFunctions.getSysTime(WDFunctions.java:150)
	at base.WDFunctions.getSysTime(WDFunctions.java:150)
	at base.WDFunctions.getSysTime(WDFunctions.java:150)
	at base.WDFunctions.getSysTime(WDFunctions.java:150)
	at base.WDFunctions.getSysTime(WDFunctions.java:150)
	at base.WDFunctions.getSysTime(WDFunctions.java:150)
	at base.WDFunctions.getSysTime(WDFunctions.java:150)
	at base.WDFunctions.getSysTime(WDFunctions.java:150)
	at base.WDFunctions.getSysTime(WDFunctions.java:150)
	at base.WDFunctions.getSysTime(WDFunctions.java:150)
	at base.WDFunctions.getSysTime(WDFunctions.java:150)
	at base.WDFunctions.getSysTime(WDFunctions.java:150)
	at base.WDFunctions.getSysTime(WDFunctions.java:150)
	at base.WDFunctions.getSysTime(WDFunctions.java:150)
	at base.WDFunctions.getSysTime(WDFunctions.java:150)
	at base.WDFunctions.getSysTime(WDFunctions.java:150)
	at base.WDFunctions.getSysTime(WDFunctions.java:150)
	at base.WDFunctions.getSysTime(WDFunctions.java:150)
	at base.WDFunctions.getSysTime(WDFunctions.java:150)
	at base.WDFunctions.getSysTime(WDFunctions.java:150)
	at base.WDFunctions.getSysTime(WDFunctions.java:150)
	at base.WDFunctions.getSysTime(WDFunctions.java:150)
	at base.WDFunctions.getSysTime(WDFunctions.java:150)
	at base.WDFunctions.getSysTime(WDFunctions.java:150)
	at base.WDFunctions.getSysTime(WDFunctions.java:150)
	at base.WDFunctions.getSysTime(WDFunctions.java:150)
	at base.WDFunctions.getSysTime(WDFunctions.java:150)
	at base.WDFunctions.getSysTime(WDFunctions.java:150)
	at base.WDFunctions.getSysTime(WDFunctions.java:150)
	at base.WDFunctions.getSysTime(WDFunctions.java:150)
	at base.WDFunctions.getSysTime(WDFunctions.java:150)
	at base.WDFunctions.getSysTime(WDFunctions.java:150)
	at base.WDFunctions.getSysTime(WDFunctions.java:150)
	at base.WDFunctions.getSysTime(WDFunctions.java:150)
	at base.WDFunctions.getSysTime(WDFunctions.java:150)
	at base.WDFunctions.getSysTime(WDFunctions.java:150)
	at base.WDFunctions.getSysTime(WDFunctions.java:150)
	at base.WDFunctions.getSysTime(WDFunctions.java:150)
	at base.WDFunctions.getSysTime(WDFunctions.java:150)
	at base.WDFunctions.getSysTime(WDFunctions.java:150)
	at base.WDFunctions.getSysTime(WDFunctions.java:150)
	at base.WDFunctions.getSysTime(WDFunctions.java:150)
	at base.WDFunctions.getSysTime(WDFunctions.java:150)
	at base.WDFunctions.getSysTime(WDFunctions.java:150)
	at base.WDFunctions.getSysTime(WDFunctions.java:150)
	at base.WDFunctions.getSysTime(WDFunctions.java:150)
	at base.WDFunctions.getSysTime(WDFunctions.java:150)
	at base.WDFunctions.getSysTime(WDFunctions.java:150)
	at base.WDFunctions.getSysTime(WDFunctions.java:150)
	at base.WDFunctions.getSysTime(WDFunctions.java:150)
	at base.WDFunctions.getSysTime(WDFunctions.java:150)
	at base.WDFunctions.getSysTime(WDFunctions.java:150)
	at base.WDFunctions.getSysTime(WDFunctions.java:150)
	at base.WDFunctions.getSysTime(WDFunctions.java:150)
	at base.WDFunctions.getSysTime(WDFunctions.java:150)
	at base.WDFunctions.getSysTime(WDFunctions.java:150)
	at base.WDFunctions.getSysTime(WDFunctions.java:150)
	at base.WDFunctions.getSysTime(WDFunctions.java:150)
	at base.WDFunctions.getSysTime(WDFunctions.java:150)
	at base.WDFunctions.getSysTime(WDFunctions.java:150)
	at base.WDFunctions.getSysTime(WDFunctions.java:150)
	at base.WDFunctions.getSysTime(WDFunctions.java:150)
	at base.WDFunctions.getSysTime(WDFunctions.java:150)
	at base.WDFunctions.getSysTime(WDFunctions.java:150)
	at base.WDFunctions.getSysTime(WDFunctions.java:150)
	at base.WDFunctions.getSysTime(WDFunctions.java:150)
	at base.WDFunctions.getSysTime(WDFunctions.java:150)
	at base.WDFunctions.getSysTime(WDFunctions.java:150)
	at base.WDFunctions.getSysTime(WDFunctions.java:150)
	at base.WDFunctions.getSysTime(WDFunctions.java:150)
	at base.WDFunctions.getSysTime(WDFunctions.java:150)
	at base.WDFunctions.getSysTime(WDFunctions.java:150)
	at base.WDFunctions.getSysTime(WDFunctions.java:150)
	at base.WDFunctions.getSysTime(WDFunctions.java:150)
	at base.WDFunctions.getSysTime(WDFunctions.java:150)
	at base.WDFunctions.getSysTime(WDFunctions.java:150)
	at base.WDFunctions.getSysTime(WDFunctions.java:150)
	at base.WDFunctions.getSysTime(WDFunctions.java:150)
	at base.WDFunctions.getSysTime(WDFunctions.java:150)
	at base.WDFunctions.getSysTime(WDFunctions.java:150)
	at base.WDFunctions.getSysTime(WDFunctions.java:150)
	at base.WDFunctions.getSysTime(WDFunctions.java:150)
	at base.WDFunctions.getSysTime(WDFunctions.java:150)
	at base.WDFunctions.getSysTime(WDFunctions.java:150)
	at base.WDFunctions.getSysTime(WDFunctions.java:150)
	at base.WDFunctions.getSysTime(WDFunctions.java:150)
	at base.WDFunctions.getSysTime(WDFunctions.java:150)
	at base.WDFunctions.getSysTime(WDFunctions.java:150)
	at base.WDFunctions.getSysTime(WDFunctions.java:150)
	at base.WDFunctions.getSysTime(WDFunctions.java:150)
	at base.WDFunctions.getSysTime(WDFunctions.java:150)
	at base.WDFunctions.getSysTime(WDFunctions.java:150)
	at base.WDFunctions.getSysTime(WDFunctions.java:150)
	at base.WDFunctions.getSysTime(WDFunctions.java:150)
	at base.WDFunctions.getSysTime(WDFunctions.java:150)
	at base.WDFunctions.getSysTime(WDFunctions.java:150)
	at base.WDFunctions.getSysTime(WDFunctions.java:150)
	at base.WDFunctions.getSysTime(WDFunctions.java:150)
	at base.WDFunctions.getSysTime(WDFunctions.java:150)
	at base.WDFunctions.getSysTime(WDFunctions.java:150)
	at base.WDFunctions.getSysTime(WDFunctions.java:150)
	at base.WDFunctions.getSysTime(WDFunctions.java:150)
	at base.WDFunctions.getSysTime(WDFunctions.java:150)
	at base.WDFunctions.getSysTime(WDFunctions.java:150)
	at base.WDFunctions.getSysTime(WDFunctions.java:150)
	at base.WDFunctions.getSysTime(WDFunctions.java:150)
	at base.WDFunctions.getSysTime(WDFunctions.java:150)
	at base.WDFunctions.getSysTime(WDFunctions.java:150)
	at base.WDFunctions.getSysTime(WDFunctions.java:150)
	at base.WDFunctions.getSysTime(WDFunctions.java:150)
	at base.WDFunctions.getSysTime(WDFunctions.java:150)
	at base.WDFunctions.getSysTime(WDFunctions.java:150)
	at base.WDFunctions.getSysTime(WDFunctions.java:150)
	at base.WDFunctions.getSysTime(WDFunctions.java:150)
	at base.WDFunctions.getSysTime(WDFunctions.java:150)
	at base.WDFunctions.getSysTime(WDFunctions.java:150)
	at base.WDFunctions.getSysTime(WDFunctions.java:150)
	at base.WDFunctions.getSysTime(WDFunctions.java:150)
	at base.WDFunctions.getSysTime(WDFunctions.java:150)
	at base.WDFunctions.getSysTime(WDFunctions.java:150)
	at base.WDFunctions.getSysTime(WDFunctions.java:150)
	at base.WDFunctions.getSysTime(WDFunctions.java:150)
	at base.WDFunctions.getSysTime(WDFunctions.java:150)
	at base.WDFunctions.getSysTime(WDFunctions.java:150)
	at base.WDFunctions.getSysTime(WDFunctions.java:150)
	at base.WDFunctions.getSysTime(WDFunctions.java:150)
	at base.WDFunctions.getSysTime(WDFunctions.java:150)
	at base.WDFunctions.getSysTime(WDFunctions.java:150)
	at base.WDFunctions.getSysTime(WDFunctions.java:150)
	at base.WDFunctions.getSysTime(WDFunctions.java:150)
	at base.WDFunctions.getSysTime(WDFunctions.java:150)
	at base.WDFunctions.getSysTime(WDFunctions.java:150)
	at base.WDFunctions.getSysTime(WDFunctions.java:150)
	at base.WDFunctions.getSysTime(WDFunctions.java:150)
	at base.WDFunctions.getSysTime(WDFunctions.java:150)
	at base.WDFunctions.getSysTime(WDFunctions.java:150)
	at base.WDFunctions.getSysTime(WDFunctions.java:150)
	at base.WDFunctions.getSysTime(WDFunctions.java:150)
	at base.WDFunctions.getSysTime(WDFunctions.java:150)
	at base.WDFunctions.getSysTime(WDFunctions.java:150)
	at base.WDFunctions.getSysTime(WDFunctions.java:150)
	at base.WDFunctions.getSysTime(WDFunctions.java:150)
	at base.WDFunctions.getSysTime(WDFunctions.java:150)
	at base.WDFunctions.getSysTime(WDFunctions.java:150)
	at base.WDFunctions.getSysTime(WDFunctions.java:150)
	at base.WDFunctions.getSysTime(WDFunctions.java:150)
	at base.WDFunctions.getSysTime(WDFunctions.java:150)
	at base.WDFunctions.getSysTime(WDFunctions.java:150)
	at base.WDFunctions.getSysTime(WDFunctions.java:150)
	at base.WDFunctions.getSysTime(WDFunctions.java:150)
	at base.WDFunctions.getSysTime(WDFunctions.java:150)
	at base.WDFunctions.getSysTime(WDFunctions.java:150)
	at base.WDFunctions.getSysTime(WDFunctions.java:150)
	at base.WDFunctions.getSysTime(WDFunctions.java:150)
	at base.WDFunctions.getSysTime(WDFunctions.java:150)
	at base.WDFunctions.getSysTime(WDFunctions.java:150)
	at base.WDFunctions.getSysTime(WDFunctions.java:150)
	at base.WDFunctions.getSysTime(WDFunctions.java:150)
	at base.WDFunctions.getSysTime(WDFunctions.java:150)
	at base.WDFunctions.getSysTime(WDFunctions.java:150)
	at base.WDFunctions.getSysTime(WDFunctions.java:150)
	at base.WDFunctions.getSysTime(WDFunctions.java:150)
	at base.WDFunctions.getSysTime(WDFunctions.java:150)
	at base.WDFunctions.getSysTime(WDFunctions.java:150)
	at base.WDFunctions.getSysTime(WDFunctions.java:150)
	at base.WDFunctions.getSysTime(WDFunctions.java:150)
	at base.WDFunctions.getSysTime(WDFunctions.java:150)
	at base.WDFunctions.getSysTime(WDFunctions.java:150)
	at base.WDFunctions.getSysTime(WDFunctions.java:150)
	at base.WDFunctions.getSysTime(WDFunctions.java:150)
	at base.WDFunctions.getSysTime(WDFunctions.java:150)
	at base.WDFunctions.getSysTime(WDFunctions.java:150)
	at base.WDFunctions.getSysTime(WDFunctions.java:150)
	at base.WDFunctions.getSysTime(WDFunctions.java:150)
	at base.WDFunctions.getSysTime(WDFunctions.java:150)
	at base.WDFunctions.getSysTime(WDFunctions.java:150)
	at base.WDFunctions.getSysTime(WDFunctions.java:150)
	at base.WDFunctions.getSysTime(WDFunctions.java:150)
	at base.WDFunctions.getSysTime(WDFunctions.java:150)
	at base.WDFunctions.getSysTime(WDFunctions.java:150)
	at base.WDFunctions.getSysTime(WDFunctions.java:150)
	at base.WDFunctions.getSysTime(WDFunctions.java:150)
	at base.WDFunctions.getSysTime(WDFunctions.java:150)
	at base.WDFunctions.getSysTime(WDFunctions.java:150)
	at base.WDFunctions.getSysTime(WDFunctions.java:150)
	at base.WDFunctions.getSysTime(WDFunctions.java:150)
	at base.WDFunctions.getSysTime(WDFunctions.java:150)
	at base.WDFunctions.getSysTime(WDFunctions.java:150)
	at base.WDFunctions.getSysTime(WDFunctions.java:150)
	at base.WDFunctions.getSysTime(WDFunctions.java:150)
	at base.WDFunctions.getSysTime(WDFunctions.java:150)
	at base.WDFunctions.getSysTime(WDFunctions.java:150)
	at base.WDFunctions.getSysTime(WDFunctions.java:150)
	at base.WDFunctions.getSysTime(WDFunctions.java:150)
	at base.WDFunctions.getSysTime(WDFunctions.java:150)
	at base.WDFunctions.getSysTime(WDFunctions.java:150)
	at base.WDFunctions.getSysTime(WDFunctions.java:150)
	at base.WDFunctions.getSysTime(WDFunctions.java:150)
	at base.WDFunctions.getSysTime(WDFunctions.java:150)
	at base.WDFunctions.getSysTime(WDFunctions.java:150)
	at base.WDFunctions.getSysTime(WDFunctions.java:150)
	at base.WDFunctions.getSysTime(WDFunctions.java:150)
	at base.WDFunctions.getSysTime(WDFunctions.java:150)
	at base.WDFunctions.getSysTime(WDFunctions.java:150)
	at base.WDFunctions.getSysTime(WDFunctions.java:150)
	at base.WDFunctions.getSysTime(WDFunctions.java:150)
	at base.WDFunctions.getSysTime(WDFunctions.java:150)
	at base.WDFunctions.getSysTime(WDFunctions.java:150)
	at base.WDFunctions.getSysTime(WDFunctions.java:150)
	at base.WDFunctions.getSysTime(WDFunctions.java:150)
	at base.WDFunctions.getSysTime(WDFunctions.java:150)
	at base.WDFunctions.getSysTime(WDFunctions.java:150)
	at base.WDFunctions.getSysTime(WDFunctions.java:150)
	at base.WDFunctions.getSysTime(WDFunctions.java:150)
	at base.WDFunctions.getSysTime(WDFunctions.java:150)
	at base.WDFunctions.getSysTime(WDFunctions.java:150)
	at base.WDFunctions.getSysTime(WDFunctions.java:150)
	at base.WDFunctions.getSysTime(WDFunctions.java:150)
	at base.WDFunctions.getSysTime(WDFunctions.java:150)
	at base.WDFunctions.getSysTime(WDFunctions.java:150)
	at base.WDFunctions.getSysTime(WDFunctions.java:150)
	at base.WDFunctions.getSysTime(WDFunctions.java:150)
	at base.WDFunctions.getSysTime(WDFunctions.java:150)
	at base.WDFunctions.getSysTime(WDFunctions.java:150)
	at base.WDFunctions.getSysTime(WDFunctions.java:150)
	at base.WDFunctions.getSysTime(WDFunctions.java:150)
	at base.WDFunctions.getSysTime(WDFunctions.java:150)
	at base.WDFunctions.getSysTime(WDFunctions.java:150)
	at base.WDFunctions.getSysTime(WDFunctions.java:150)
	at base.WDFunctions.getSysTime(WDFunctions.java:150)
	at base.WDFunctions.getSysTime(WDFunctions.java:150)
	at base.WDFunctions.getSysTime(WDFunctions.java:150)
	at base.WDFunctions.getSysTime(WDFunctions.java:150)
	at base.WDFunctions.getSysTime(WDFunctions.java:150)
	at base.WDFunctions.getSysTime(WDFunctions.java:150)
	at base.WDFunctions.getSysTime(WDFunctions.java:150)
	at base.WDFunctions.getSysTime(WDFunctions.java:150)
	at base.WDFunctions.getSysTime(WDFunctions.java:150)
	at base.WDFunctions.getSysTime(WDFunctions.java:150)
	at base.WDFunctions.getSysTime(WDFunctions.java:150)
	at base.WDFunctions.getSysTime(WDFunctions.java:150)
	at base.WDFunctions.getSysTime(WDFunctions.java:150)
	at base.WDFunctions.getSysTime(WDFunctions.java:150)
	at base.WDFunctions.getSysTime(WDFunctions.java:150)
	at base.WDFunctions.getSysTime(WDFunctions.java:150)
	at base.WDFunctions.getSysTime(WDFunctions.java:150)
	at base.WDFunctions.getSysTime(WDFunctions.java:150)
	at base.WDFunctions.getSysTime(WDFunctions.java:150)
	at base.WDFunctions.getSysTime(WDFunctions.java:150)
	at base.WDFunctions.getSysTime(WDFunctions.java:150)
	at base.WDFunctions.getSysTime(WDFunctions.java:150)
	at base.WDFunctions.getSysTime(WDFunctions.java:150)
	at base.WDFunctions.getSysTime(WDFunctions.java:150)
	at base.WDFunctions.getSysTime(WDFunctions.java:150)
	at base.WDFunctions.getSysTime(WDFunctions.java:150)
	at base.WDFunctions.getSysTime(WDFunctions.java:150)
	at base.WDFunctions.getSysTime(WDFunctions.java:150)
	at base.WDFunctions.getSysTime(WDFunctions.java:150)
	at base.WDFunctions.getSysTime(WDFunctions.java:150)
	at base.WDFunctions.getSysTime(WDFunctions.java:150)
	at base.WDFunctions.getSysTime(WDFunctions.java:150)
	at base.WDFunctions.getSysTime(WDFunctions.java:150)
	at base.WDFunctions.getSysTime(WDFunctions.java:150)
	at base.WDFunctions.getSysTime(WDFunctions.java:150)
	at base.WDFunctions.getSysTime(WDFunctions.java:150)
	at base.WDFunctions.getSysTime(WDFunctions.java:150)
	at base.WDFunctions.getSysTime(WDFunctions.java:150)
	at base.WDFunctions.getSysTime(WDFunctions.java:150)
	at base.WDFunctions.getSysTime(WDFunctions.java:150)
	at base.WDFunctions.getSysTime(WDFunctions.java:150)
	at base.WDFunctions.getSysTime(WDFunctions.java:150)
	at base.WDFunctions.getSysTime(WDFunctions.java:150)
	at base.WDFunctions.getSysTime(WDFunctions.java:150)
	at base.WDFunctions.getSysTime(WDFunctions.java:150)
	at base.WDFunctions.getSysTime(WDFunctions.java:150)
	at base.WDFunctions.getSysTime(WDFunctions.java:150)
	at base.WDFunctions.getSysTime(WDFunctions.java:150)
	at base.WDFunctions.getSysTime(WDFunctions.java:150)
	at base.WDFunctions.getSysTime(WDFunctions.java:150)
	at base.WDFunctions.getSysTime(WDFunctions.java:150)
	at base.WDFunctions.getSysTime(WDFunctions.java:150)
	at base.WDFunctions.getSysTime(WDFunctions.java:150)
	at base.WDFunctions.getSysTime(WDFunctions.java:150)
	at base.WDFunctions.getSysTime(WDFunctions.java:150)
	at base.WDFunctions.getSysTime(WDFunctions.java:150)
	at base.WDFunctions.getSysTime(WDFunctions.java:150)
	at base.WDFunctions.getSysTime(WDFunctions.java:150)
	at base.WDFunctions.getSysTime(WDFunctions.java:150)
	at base.WDFunctions.getSysTime(WDFunctions.java:150)
	at base.WDFunctions.getSysTime(WDFunctions.java:150)
	at base.WDFunctions.getSysTime(WDFunctions.java:150)
	at base.WDFunctions.getSysTime(WDFunctions.java:150)
	at base.WDFunctions.getSysTime(WDFunctions.java:150)
	at base.WDFunctions.getSysTime(WDFunctions.java:150)
	at base.WDFunctions.getSysTime(WDFunctions.java:150)
	at base.WDFunctions.getSysTime(WDFunctions.java:150)
	at base.WDFunctions.getSysTime(WDFunctions.java:150)
	at base.WDFunctions.getSysTime(WDFunctions.java:150)
	at base.WDFunctions.getSysTime(WDFunctions.java:150)
	at base.WDFunctions.getSysTime(WDFunctions.java:150)
	at base.WDFunctions.getSysTime(WDFunctions.java:150)
	at base.WDFunctions.getSysTime(WDFunctions.java:150)
	at base.WDFunctions.getSysTime(WDFunctions.java:150)
	at base.WDFunctions.getSysTime(WDFunctions.java:150)
	at base.WDFunctions.getSysTime(WDFunctions.java:150)
	at base.WDFunctions.getSysTime(WDFunctions.java:150)
	at base.WDFunctions.getSysTime(WDFunctions.java:150)
	at base.WDFunctions.getSysTime(WDFunctions.java:150)
	at base.WDFunctions.getSysTime(WDFunctions.java:150)
	at base.WDFunctions.getSysTime(WDFunctions.java:150)
	at base.WDFunctions.getSysTime(WDFunctions.java:150)
	at base.WDFunctions.getSysTime(WDFunctions.java:150)
	at base.WDFunctions.getSysTime(WDFunctions.java:150)
	at base.WDFunctions.getSysTime(WDFunctions.java:150)
	at base.WDFunctions.getSysTime(WDFunctions.java:150)
	at base.WDFunctions.getSysTime(WDFunctions.java:150)
	at base.WDFunctions.getSysTime(WDFunctions.java:150)
	at base.WDFunctions.getSysTime(WDFunctions.java:150)
	at base.WDFunctions.getSysTime(WDFunctions.java:150)
	at base.WDFunctions.getSysTime(WDFunctions.java:150)
	at base.WDFunctions.getSysTime(WDFunctions.java:150)
	at base.WDFunctions.getSysTime(WDFunctions.java:150)
	at base.WDFunctions.getSysTime(WDFunctions.java:150)
	at base.WDFunctions.getSysTime(WDFunctions.java:150)
	at base.WDFunctions.getSysTime(WDFunctions.java:150)
	at base.WDFunctions.getSysTime(WDFunctions.java:150)
	at base.WDFunctions.getSysTime(WDFunctions.java:150)
	at base.WDFunctions.getSysTime(WDFunctions.java:150)
	at base.WDFunctions.getSysTime(WDFunctions.java:150)
	at base.WDFunctions.getSysTime(WDFunctions.java:150)
	at base.WDFunctions.getSysTime(WDFunctions.java:150)
	at base.WDFunctions.getSysTime(WDFunctions.java:150)
	at base.WDFunctions.getSysTime(WDFunctions.java:150)
	at base.WDFunctions.getSysTime(WDFunctions.java:150)
	at base.WDFunctions.getSysTime(WDFunctions.java:150)
	at base.WDFunctions.getSysTime(WDFunctions.java:150)
	at base.WDFunctions.getSysTime(WDFunctions.java:150)
	at base.WDFunctions.getSysTime(WDFunctions.java:150)
	at base.WDFunctions.getSysTime(WDFunctions.java:150)
	at base.WDFunctions.getSysTime(WDFunctions.java:150)
	at base.WDFunctions.getSysTime(WDFunctions.java:150)
	at base.WDFunctions.getSysTime(WDFunctions.java:150)
	at base.WDFunctions.getSysTime(WDFunctions.java:150)
	at base.WDFunctions.getSysTime(WDFunctions.java:150)
	at base.WDFunctions.getSysTime(WDFunctions.java:150)
	at base.WDFunctions.getSysTime(WDFunctions.java:150)
	at base.WDFunctions.getSysTime(WDFunctions.java:150)
	at base.WDFunctions.getSysTime(WDFunctions.java:150)
	at base.WDFunctions.getSysTime(WDFunctions.java:150)
	at base.WDFunctions.getSysTime(WDFunctions.java:150)
	at base.WDFunctions.getSysTime(WDFunctions.java:150)
	at base.WDFunctions.getSysTime(WDFunctions.java:150)
	at base.WDFunctions.getSysTime(WDFunctions.java:150)
	at base.WDFunctions.getSysTime(WDFunctions.java:150)
	at base.WDFunctions.getSysTime(WDFunctions.java:150)
	at base.WDFunctions.getSysTime(WDFunctions.java:150)
	at base.WDFunctions.getSysTime(WDFunctions.java:150)
	at base.WDFunctions.getSysTime(WDFunctions.java:150)
	at base.WDFunctions.getSysTime(WDFunctions.java:150)
	at base.WDFunctions.getSysTime(WDFunctions.java:150)
]]>
    </failure>
  </testcase> <!-- Sucessfully_sent_mail_Test -->
  <testcase classname="Test_Cases.Successfully_delete_mail$Sign_in_test" name="Sucessfully_delete_mail_Test" time="0.725">
    <failure type="java.lang.StackOverflowError">
      <![CDATA[java.lang.StackOverflowError
	at java.base/sun.nio.cs.UTF_8.updatePositions(UTF_8.java:79)
	at java.base/sun.nio.cs.UTF_8$Encoder.encodeArrayLoop(UTF_8.java:509)
	at java.base/sun.nio.cs.UTF_8$Encoder.encodeLoop(UTF_8.java:564)
	at java.base/java.nio.charset.CharsetEncoder.encode(CharsetEncoder.java:578)
	at java.base/sun.nio.cs.StreamEncoder.implWrite(StreamEncoder.java:301)
	at java.base/sun.nio.cs.StreamEncoder.implWrite(StreamEncoder.java:290)
	at java.base/sun.nio.cs.StreamEncoder.write(StreamEncoder.java:131)
	at java.base/java.io.OutputStreamWriter.write(OutputStreamWriter.java:211)
	at java.base/java.io.BufferedWriter.flushBuffer(BufferedWriter.java:120)
	at java.base/java.io.PrintStream.writeln(PrintStream.java:653)
	at java.base/java.io.PrintStream.println(PrintStream.java:958)
	at base.WDFunctions.getSysTime(WDFunctions.java:148)
	at base.WDFunctions.getSysTime(WDFunctions.java:150)
	at base.WDFunctions.getSysTime(WDFunctions.java:150)
	at base.WDFunctions.getSysTime(WDFunctions.java:150)
	at base.WDFunctions.getSysTime(WDFunctions.java:150)
	at base.WDFunctions.getSysTime(WDFunctions.java:150)
	at base.WDFunctions.getSysTime(WDFunctions.java:150)
	at base.WDFunctions.getSysTime(WDFunctions.java:150)
	at base.WDFunctions.getSysTime(WDFunctions.java:150)
	at base.WDFunctions.getSysTime(WDFunctions.java:150)
	at base.WDFunctions.getSysTime(WDFunctions.java:150)
	at base.WDFunctions.getSysTime(WDFunctions.java:150)
	at base.WDFunctions.getSysTime(WDFunctions.java:150)
	at base.WDFunctions.getSysTime(WDFunctions.java:150)
	at base.WDFunctions.getSysTime(WDFunctions.java:150)
	at base.WDFunctions.getSysTime(WDFunctions.java:150)
	at base.WDFunctions.getSysTime(WDFunctions.java:150)
	at base.WDFunctions.getSysTime(WDFunctions.java:150)
	at base.WDFunctions.getSysTime(WDFunctions.java:150)
	at base.WDFunctions.getSysTime(WDFunctions.java:150)
	at base.WDFunctions.getSysTime(WDFunctions.java:150)
	at base.WDFunctions.getSysTime(WDFunctions.java:150)
	at base.WDFunctions.getSysTime(WDFunctions.java:150)
	at base.WDFunctions.getSysTime(WDFunctions.java:150)
	at base.WDFunctions.getSysTime(WDFunctions.java:150)
	at base.WDFunctions.getSysTime(WDFunctions.java:150)
	at base.WDFunctions.getSysTime(WDFunctions.java:150)
	at base.WDFunctions.getSysTime(WDFunctions.java:150)
	at base.WDFunctions.getSysTime(WDFunctions.java:150)
	at base.WDFunctions.getSysTime(WDFunctions.java:150)
	at base.WDFunctions.getSysTime(WDFunctions.java:150)
	at base.WDFunctions.getSysTime(WDFunctions.java:150)
	at base.WDFunctions.getSysTime(WDFunctions.java:150)
	at base.WDFunctions.getSysTime(WDFunctions.java:150)
	at base.WDFunctions.getSysTime(WDFunctions.java:150)
	at base.WDFunctions.getSysTime(WDFunctions.java:150)
	at base.WDFunctions.getSysTime(WDFunctions.java:150)
	at base.WDFunctions.getSysTime(WDFunctions.java:150)
	at base.WDFunctions.getSysTime(WDFunctions.java:150)
	at base.WDFunctions.getSysTime(WDFunctions.java:150)
	at base.WDFunctions.getSysTime(WDFunctions.java:150)
	at base.WDFunctions.getSysTime(WDFunctions.java:150)
	at base.WDFunctions.getSysTime(WDFunctions.java:150)
	at base.WDFunctions.getSysTime(WDFunctions.java:150)
	at base.WDFunctions.getSysTime(WDFunctions.java:150)
	at base.WDFunctions.getSysTime(WDFunctions.java:150)
	at base.WDFunctions.getSysTime(WDFunctions.java:150)
	at base.WDFunctions.getSysTime(WDFunctions.java:150)
	at base.WDFunctions.getSysTime(WDFunctions.java:150)
	at base.WDFunctions.getSysTime(WDFunctions.java:150)
	at base.WDFunctions.getSysTime(WDFunctions.java:150)
	at base.WDFunctions.getSysTime(WDFunctions.java:150)
	at base.WDFunctions.getSysTime(WDFunctions.java:150)
	at base.WDFunctions.getSysTime(WDFunctions.java:150)
	at base.WDFunctions.getSysTime(WDFunctions.java:150)
	at base.WDFunctions.getSysTime(WDFunctions.java:150)
	at base.WDFunctions.getSysTime(WDFunctions.java:150)
	at base.WDFunctions.getSysTime(WDFunctions.java:150)
	at base.WDFunctions.getSysTime(WDFunctions.java:150)
	at base.WDFunctions.getSysTime(WDFunctions.java:150)
	at base.WDFunctions.getSysTime(WDFunctions.java:150)
	at base.WDFunctions.getSysTime(WDFunctions.java:150)
	at base.WDFunctions.getSysTime(WDFunctions.java:150)
	at base.WDFunctions.getSysTime(WDFunctions.java:150)
	at base.WDFunctions.getSysTime(WDFunctions.java:150)
	at base.WDFunctions.getSysTime(WDFunctions.java:150)
	at base.WDFunctions.getSysTime(WDFunctions.java:150)
	at base.WDFunctions.getSysTime(WDFunctions.java:150)
	at base.WDFunctions.getSysTime(WDFunctions.java:150)
	at base.WDFunctions.getSysTime(WDFunctions.java:150)
	at base.WDFunctions.getSysTime(WDFunctions.java:150)
	at base.WDFunctions.getSysTime(WDFunctions.java:150)
	at base.WDFunctions.getSysTime(WDFunctions.java:150)
	at base.WDFunctions.getSysTime(WDFunctions.java:150)
	at base.WDFunctions.getSysTime(WDFunctions.java:150)
	at base.WDFunctions.getSysTime(WDFunctions.java:150)
	at base.WDFunctions.getSysTime(WDFunctions.java:150)
	at base.WDFunctions.getSysTime(WDFunctions.java:150)
	at base.WDFunctions.getSysTime(WDFunctions.java:150)
	at base.WDFunctions.getSysTime(WDFunctions.java:150)
	at base.WDFunctions.getSysTime(WDFunctions.java:150)
	at base.WDFunctions.getSysTime(WDFunctions.java:150)
	at base.WDFunctions.getSysTime(WDFunctions.java:150)
	at base.WDFunctions.getSysTime(WDFunctions.java:150)
	at base.WDFunctions.getSysTime(WDFunctions.java:150)
	at base.WDFunctions.getSysTime(WDFunctions.java:150)
	at base.WDFunctions.getSysTime(WDFunctions.java:150)
	at base.WDFunctions.getSysTime(WDFunctions.java:150)
	at base.WDFunctions.getSysTime(WDFunctions.java:150)
	at base.WDFunctions.getSysTime(WDFunctions.java:150)
	at base.WDFunctions.getSysTime(WDFunctions.java:150)
	at base.WDFunctions.getSysTime(WDFunctions.java:150)
	at base.WDFunctions.getSysTime(WDFunctions.java:150)
	at base.WDFunctions.getSysTime(WDFunctions.java:150)
	at base.WDFunctions.getSysTime(WDFunctions.java:150)
	at base.WDFunctions.getSysTime(WDFunctions.java:150)
	at base.WDFunctions.getSysTime(WDFunctions.java:150)
	at base.WDFunctions.getSysTime(WDFunctions.java:150)
	at base.WDFunctions.getSysTime(WDFunctions.java:150)
	at base.WDFunctions.getSysTime(WDFunctions.java:150)
	at base.WDFunctions.getSysTime(WDFunctions.java:150)
	at base.WDFunctions.getSysTime(WDFunctions.java:150)
	at base.WDFunctions.getSysTime(WDFunctions.java:150)
	at base.WDFunctions.getSysTime(WDFunctions.java:150)
	at base.WDFunctions.getSysTime(WDFunctions.java:150)
	at base.WDFunctions.getSysTime(WDFunctions.java:150)
	at base.WDFunctions.getSysTime(WDFunctions.java:150)
	at base.WDFunctions.getSysTime(WDFunctions.java:150)
	at base.WDFunctions.getSysTime(WDFunctions.java:150)
	at base.WDFunctions.getSysTime(WDFunctions.java:150)
	at base.WDFunctions.getSysTime(WDFunctions.java:150)
	at base.WDFunctions.getSysTime(WDFunctions.java:150)
	at base.WDFunctions.getSysTime(WDFunctions.java:150)
	at base.WDFunctions.getSysTime(WDFunctions.java:150)
	at base.WDFunctions.getSysTime(WDFunctions.java:150)
	at base.WDFunctions.getSysTime(WDFunctions.java:150)
	at base.WDFunctions.getSysTime(WDFunctions.java:150)
	at base.WDFunctions.getSysTime(WDFunctions.java:150)
	at base.WDFunctions.getSysTime(WDFunctions.java:150)
	at base.WDFunctions.getSysTime(WDFunctions.java:150)
	at base.WDFunctions.getSysTime(WDFunctions.java:150)
	at base.WDFunctions.getSysTime(WDFunctions.java:150)
	at base.WDFunctions.getSysTime(WDFunctions.java:150)
	at base.WDFunctions.getSysTime(WDFunctions.java:150)
	at base.WDFunctions.getSysTime(WDFunctions.java:150)
	at base.WDFunctions.getSysTime(WDFunctions.java:150)
	at base.WDFunctions.getSysTime(WDFunctions.java:150)
	at base.WDFunctions.getSysTime(WDFunctions.java:150)
	at base.WDFunctions.getSysTime(WDFunctions.java:150)
	at base.WDFunctions.getSysTime(WDFunctions.java:150)
	at base.WDFunctions.getSysTime(WDFunctions.java:150)
	at base.WDFunctions.getSysTime(WDFunctions.java:150)
	at base.WDFunctions.getSysTime(WDFunctions.java:150)
	at base.WDFunctions.getSysTime(WDFunctions.java:150)
	at base.WDFunctions.getSysTime(WDFunctions.java:150)
	at base.WDFunctions.getSysTime(WDFunctions.java:150)
	at base.WDFunctions.getSysTime(WDFunctions.java:150)
	at base.WDFunctions.getSysTime(WDFunctions.java:150)
	at base.WDFunctions.getSysTime(WDFunctions.java:150)
	at base.WDFunctions.getSysTime(WDFunctions.java:150)
	at base.WDFunctions.getSysTime(WDFunctions.java:150)
	at base.WDFunctions.getSysTime(WDFunctions.java:150)
	at base.WDFunctions.getSysTime(WDFunctions.java:150)
	at base.WDFunctions.getSysTime(WDFunctions.java:150)
	at base.WDFunctions.getSysTime(WDFunctions.java:150)
	at base.WDFunctions.getSysTime(WDFunctions.java:150)
	at base.WDFunctions.getSysTime(WDFunctions.java:150)
	at base.WDFunctions.getSysTime(WDFunctions.java:150)
	at base.WDFunctions.getSysTime(WDFunctions.java:150)
	at base.WDFunctions.getSysTime(WDFunctions.java:150)
	at base.WDFunctions.getSysTime(WDFunctions.java:150)
	at base.WDFunctions.getSysTime(WDFunctions.java:150)
	at base.WDFunctions.getSysTime(WDFunctions.java:150)
	at base.WDFunctions.getSysTime(WDFunctions.java:150)
	at base.WDFunctions.getSysTime(WDFunctions.java:150)
	at base.WDFunctions.getSysTime(WDFunctions.java:150)
	at base.WDFunctions.getSysTime(WDFunctions.java:150)
	at base.WDFunctions.getSysTime(WDFunctions.java:150)
	at base.WDFunctions.getSysTime(WDFunctions.java:150)
	at base.WDFunctions.getSysTime(WDFunctions.java:150)
	at base.WDFunctions.getSysTime(WDFunctions.java:150)
	at base.WDFunctions.getSysTime(WDFunctions.java:150)
	at base.WDFunctions.getSysTime(WDFunctions.java:150)
	at base.WDFunctions.getSysTime(WDFunctions.java:150)
	at base.WDFunctions.getSysTime(WDFunctions.java:150)
	at base.WDFunctions.getSysTime(WDFunctions.java:150)
	at base.WDFunctions.getSysTime(WDFunctions.java:150)
	at base.WDFunctions.getSysTime(WDFunctions.java:150)
	at base.WDFunctions.getSysTime(WDFunctions.java:150)
	at base.WDFunctions.getSysTime(WDFunctions.java:150)
	at base.WDFunctions.getSysTime(WDFunctions.java:150)
	at base.WDFunctions.getSysTime(WDFunctions.java:150)
	at base.WDFunctions.getSysTime(WDFunctions.java:150)
	at base.WDFunctions.getSysTime(WDFunctions.java:150)
	at base.WDFunctions.getSysTime(WDFunctions.java:150)
	at base.WDFunctions.getSysTime(WDFunctions.java:150)
	at base.WDFunctions.getSysTime(WDFunctions.java:150)
	at base.WDFunctions.getSysTime(WDFunctions.java:150)
	at base.WDFunctions.getSysTime(WDFunctions.java:150)
	at base.WDFunctions.getSysTime(WDFunctions.java:150)
	at base.WDFunctions.getSysTime(WDFunctions.java:150)
	at base.WDFunctions.getSysTime(WDFunctions.java:150)
	at base.WDFunctions.getSysTime(WDFunctions.java:150)
	at base.WDFunctions.getSysTime(WDFunctions.java:150)
	at base.WDFunctions.getSysTime(WDFunctions.java:150)
	at base.WDFunctions.getSysTime(WDFunctions.java:150)
	at base.WDFunctions.getSysTime(WDFunctions.java:150)
	at base.WDFunctions.getSysTime(WDFunctions.java:150)
	at base.WDFunctions.getSysTime(WDFunctions.java:150)
	at base.WDFunctions.getSysTime(WDFunctions.java:150)
	at base.WDFunctions.getSysTime(WDFunctions.java:150)
	at base.WDFunctions.getSysTime(WDFunctions.java:150)
	at base.WDFunctions.getSysTime(WDFunctions.java:150)
	at base.WDFunctions.getSysTime(WDFunctions.java:150)
	at base.WDFunctions.getSysTime(WDFunctions.java:150)
	at base.WDFunctions.getSysTime(WDFunctions.java:150)
	at base.WDFunctions.getSysTime(WDFunctions.java:150)
	at base.WDFunctions.getSysTime(WDFunctions.java:150)
	at base.WDFunctions.getSysTime(WDFunctions.java:150)
	at base.WDFunctions.getSysTime(WDFunctions.java:150)
	at base.WDFunctions.getSysTime(WDFunctions.java:150)
	at base.WDFunctions.getSysTime(WDFunctions.java:150)
	at base.WDFunctions.getSysTime(WDFunctions.java:150)
	at base.WDFunctions.getSysTime(WDFunctions.java:150)
	at base.WDFunctions.getSysTime(WDFunctions.java:150)
	at base.WDFunctions.getSysTime(WDFunctions.java:150)
	at base.WDFunctions.getSysTime(WDFunctions.java:150)
	at base.WDFunctions.getSysTime(WDFunctions.java:150)
	at base.WDFunctions.getSysTime(WDFunctions.java:150)
	at base.WDFunctions.getSysTime(WDFunctions.java:150)
	at base.WDFunctions.getSysTime(WDFunctions.java:150)
	at base.WDFunctions.getSysTime(WDFunctions.java:150)
	at base.WDFunctions.getSysTime(WDFunctions.java:150)
	at base.WDFunctions.getSysTime(WDFunctions.java:150)
	at base.WDFunctions.getSysTime(WDFunctions.java:150)
	at base.WDFunctions.getSysTime(WDFunctions.java:150)
	at base.WDFunctions.getSysTime(WDFunctions.java:150)
	at base.WDFunctions.getSysTime(WDFunctions.java:150)
	at base.WDFunctions.getSysTime(WDFunctions.java:150)
	at base.WDFunctions.getSysTime(WDFunctions.java:150)
	at base.WDFunctions.getSysTime(WDFunctions.java:150)
	at base.WDFunctions.getSysTime(WDFunctions.java:150)
	at base.WDFunctions.getSysTime(WDFunctions.java:150)
	at base.WDFunctions.getSysTime(WDFunctions.java:150)
	at base.WDFunctions.getSysTime(WDFunctions.java:150)
	at base.WDFunctions.getSysTime(WDFunctions.java:150)
	at base.WDFunctions.getSysTime(WDFunctions.java:150)
	at base.WDFunctions.getSysTime(WDFunctions.java:150)
	at base.WDFunctions.getSysTime(WDFunctions.java:150)
	at base.WDFunctions.getSysTime(WDFunctions.java:150)
	at base.WDFunctions.getSysTime(WDFunctions.java:150)
	at base.WDFunctions.getSysTime(WDFunctions.java:150)
	at base.WDFunctions.getSysTime(WDFunctions.java:150)
	at base.WDFunctions.getSysTime(WDFunctions.java:150)
	at base.WDFunctions.getSysTime(WDFunctions.java:150)
	at base.WDFunctions.getSysTime(WDFunctions.java:150)
	at base.WDFunctions.getSysTime(WDFunctions.java:150)
	at base.WDFunctions.getSysTime(WDFunctions.java:150)
	at base.WDFunctions.getSysTime(WDFunctions.java:150)
	at base.WDFunctions.getSysTime(WDFunctions.java:150)
	at base.WDFunctions.getSysTime(WDFunctions.java:150)
	at base.WDFunctions.getSysTime(WDFunctions.java:150)
	at base.WDFunctions.getSysTime(WDFunctions.java:150)
	at base.WDFunctions.getSysTime(WDFunctions.java:150)
	at base.WDFunctions.getSysTime(WDFunctions.java:150)
	at base.WDFunctions.getSysTime(WDFunctions.java:150)
	at base.WDFunctions.getSysTime(WDFunctions.java:150)
	at base.WDFunctions.getSysTime(WDFunctions.java:150)
	at base.WDFunctions.getSysTime(WDFunctions.java:150)
	at base.WDFunctions.getSysTime(WDFunctions.java:150)
	at base.WDFunctions.getSysTime(WDFunctions.java:150)
	at base.WDFunctions.getSysTime(WDFunctions.java:150)
	at base.WDFunctions.getSysTime(WDFunctions.java:150)
	at base.WDFunctions.getSysTime(WDFunctions.java:150)
	at base.WDFunctions.getSysTime(WDFunctions.java:150)
	at base.WDFunctions.getSysTime(WDFunctions.java:150)
	at base.WDFunctions.getSysTime(WDFunctions.java:150)
	at base.WDFunctions.getSysTime(WDFunctions.java:150)
	at base.WDFunctions.getSysTime(WDFunctions.java:150)
	at base.WDFunctions.getSysTime(WDFunctions.java:150)
	at base.WDFunctions.getSysTime(WDFunctions.java:150)
	at base.WDFunctions.getSysTime(WDFunctions.java:150)
	at base.WDFunctions.getSysTime(WDFunctions.java:150)
	at base.WDFunctions.getSysTime(WDFunctions.java:150)
	at base.WDFunctions.getSysTime(WDFunctions.java:150)
	at base.WDFunctions.getSysTime(WDFunctions.java:150)
	at base.WDFunctions.getSysTime(WDFunctions.java:150)
	at base.WDFunctions.getSysTime(WDFunctions.java:150)
	at base.WDFunctions.getSysTime(WDFunctions.java:150)
	at base.WDFunctions.getSysTime(WDFunctions.java:150)
	at base.WDFunctions.getSysTime(WDFunctions.java:150)
	at base.WDFunctions.getSysTime(WDFunctions.java:150)
	at base.WDFunctions.getSysTime(WDFunctions.java:150)
	at base.WDFunctions.getSysTime(WDFunctions.java:150)
	at base.WDFunctions.getSysTime(WDFunctions.java:150)
	at base.WDFunctions.getSysTime(WDFunctions.java:150)
	at base.WDFunctions.getSysTime(WDFunctions.java:150)
	at base.WDFunctions.getSysTime(WDFunctions.java:150)
	at base.WDFunctions.getSysTime(WDFunctions.java:150)
	at base.WDFunctions.getSysTime(WDFunctions.java:150)
	at base.WDFunctions.getSysTime(WDFunctions.java:150)
	at base.WDFunctions.getSysTime(WDFunctions.java:150)
	at base.WDFunctions.getSysTime(WDFunctions.java:150)
	at base.WDFunctions.getSysTime(WDFunctions.java:150)
	at base.WDFunctions.getSysTime(WDFunctions.java:150)
	at base.WDFunctions.getSysTime(WDFunctions.java:150)
	at base.WDFunctions.getSysTime(WDFunctions.java:150)
	at base.WDFunctions.getSysTime(WDFunctions.java:150)
	at base.WDFunctions.getSysTime(WDFunctions.java:150)
	at base.WDFunctions.getSysTime(WDFunctions.java:150)
	at base.WDFunctions.getSysTime(WDFunctions.java:150)
	at base.WDFunctions.getSysTime(WDFunctions.java:150)
	at base.WDFunctions.getSysTime(WDFunctions.java:150)
	at base.WDFunctions.getSysTime(WDFunctions.java:150)
	at base.WDFunctions.getSysTime(WDFunctions.java:150)
	at base.WDFunctions.getSysTime(WDFunctions.java:150)
	at base.WDFunctions.getSysTime(WDFunctions.java:150)
	at base.WDFunctions.getSysTime(WDFunctions.java:150)
	at base.WDFunctions.getSysTime(WDFunctions.java:150)
	at base.WDFunctions.getSysTime(WDFunctions.java:150)
	at base.WDFunctions.getSysTime(WDFunctions.java:150)
	at base.WDFunctions.getSysTime(WDFunctions.java:150)
	at base.WDFunctions.getSysTime(WDFunctions.java:150)
	at base.WDFunctions.getSysTime(WDFunctions.java:150)
	at base.WDFunctions.getSysTime(WDFunctions.java:150)
	at base.WDFunctions.getSysTime(WDFunctions.java:150)
	at base.WDFunctions.getSysTime(WDFunctions.java:150)
	at base.WDFunctions.getSysTime(WDFunctions.java:150)
	at base.WDFunctions.getSysTime(WDFunctions.java:150)
	at base.WDFunctions.getSysTime(WDFunctions.java:150)
	at base.WDFunctions.getSysTime(WDFunctions.java:150)
	at base.WDFunctions.getSysTime(WDFunctions.java:150)
	at base.WDFunctions.getSysTime(WDFunctions.java:150)
	at base.WDFunctions.getSysTime(WDFunctions.java:150)
	at base.WDFunctions.getSysTime(WDFunctions.java:150)
	at base.WDFunctions.getSysTime(WDFunctions.java:150)
	at base.WDFunctions.getSysTime(WDFunctions.java:150)
	at base.WDFunctions.getSysTime(WDFunctions.java:150)
	at base.WDFunctions.getSysTime(WDFunctions.java:150)
	at base.WDFunctions.getSysTime(WDFunctions.java:150)
	at base.WDFunctions.getSysTime(WDFunctions.java:150)
	at base.WDFunctions.getSysTime(WDFunctions.java:150)
	at base.WDFunctions.getSysTime(WDFunctions.java:150)
	at base.WDFunctions.getSysTime(WDFunctions.java:150)
	at base.WDFunctions.getSysTime(WDFunctions.java:150)
	at base.WDFunctions.getSysTime(WDFunctions.java:150)
	at base.WDFunctions.getSysTime(WDFunctions.java:150)
	at base.WDFunctions.getSysTime(WDFunctions.java:150)
	at base.WDFunctions.getSysTime(WDFunctions.java:150)
	at base.WDFunctions.getSysTime(WDFunctions.java:150)
	at base.WDFunctions.getSysTime(WDFunctions.java:150)
	at base.WDFunctions.getSysTime(WDFunctions.java:150)
	at base.WDFunctions.getSysTime(WDFunctions.java:150)
	at base.WDFunctions.getSysTime(WDFunctions.java:150)
	at base.WDFunctions.getSysTime(WDFunctions.java:150)
	at base.WDFunctions.getSysTime(WDFunctions.java:150)
	at base.WDFunctions.getSysTime(WDFunctions.java:150)
	at base.WDFunctions.getSysTime(WDFunctions.java:150)
	at base.WDFunctions.getSysTime(WDFunctions.java:150)
	at base.WDFunctions.getSysTime(WDFunctions.java:150)
	at base.WDFunctions.getSysTime(WDFunctions.java:150)
	at base.WDFunctions.getSysTime(WDFunctions.java:150)
	at base.WDFunctions.getSysTime(WDFunctions.java:150)
	at base.WDFunctions.getSysTime(WDFunctions.java:150)
	at base.WDFunctions.getSysTime(WDFunctions.java:150)
	at base.WDFunctions.getSysTime(WDFunctions.java:150)
	at base.WDFunctions.getSysTime(WDFunctions.java:150)
	at base.WDFunctions.getSysTime(WDFunctions.java:150)
	at base.WDFunctions.getSysTime(WDFunctions.java:150)
	at base.WDFunctions.getSysTime(WDFunctions.java:150)
	at base.WDFunctions.getSysTime(WDFunctions.java:150)
	at base.WDFunctions.getSysTime(WDFunctions.java:150)
	at base.WDFunctions.getSysTime(WDFunctions.java:150)
	at base.WDFunctions.getSysTime(WDFunctions.java:150)
	at base.WDFunctions.getSysTime(WDFunctions.java:150)
	at base.WDFunctions.getSysTime(WDFunctions.java:150)
	at base.WDFunctions.getSysTime(WDFunctions.java:150)
	at base.WDFunctions.getSysTime(WDFunctions.java:150)
	at base.WDFunctions.getSysTime(WDFunctions.java:150)
	at base.WDFunctions.getSysTime(WDFunctions.java:150)
	at base.WDFunctions.getSysTime(WDFunctions.java:150)
	at base.WDFunctions.getSysTime(WDFunctions.java:150)
	at base.WDFunctions.getSysTime(WDFunctions.java:150)
	at base.WDFunctions.getSysTime(WDFunctions.java:150)
	at base.WDFunctions.getSysTime(WDFunctions.java:150)
	at base.WDFunctions.getSysTime(WDFunctions.java:150)
	at base.WDFunctions.getSysTime(WDFunctions.java:150)
	at base.WDFunctions.getSysTime(WDFunctions.java:150)
	at base.WDFunctions.getSysTime(WDFunctions.java:150)
	at base.WDFunctions.getSysTime(WDFunctions.java:150)
	at base.WDFunctions.getSysTime(WDFunctions.java:150)
	at base.WDFunctions.getSysTime(WDFunctions.java:150)
	at base.WDFunctions.getSysTime(WDFunctions.java:150)
	at base.WDFunctions.getSysTime(WDFunctions.java:150)
	at base.WDFunctions.getSysTime(WDFunctions.java:150)
	at base.WDFunctions.getSysTime(WDFunctions.java:150)
	at base.WDFunctions.getSysTime(WDFunctions.java:150)
	at base.WDFunctions.getSysTime(WDFunctions.java:150)
	at base.WDFunctions.getSysTime(WDFunctions.java:150)
	at base.WDFunctions.getSysTime(WDFunctions.java:150)
	at base.WDFunctions.getSysTime(WDFunctions.java:150)
	at base.WDFunctions.getSysTime(WDFunctions.java:150)
	at base.WDFunctions.getSysTime(WDFunctions.java:150)
	at base.WDFunctions.getSysTime(WDFunctions.java:150)
	at base.WDFunctions.getSysTime(WDFunctions.java:150)
	at base.WDFunctions.getSysTime(WDFunctions.java:150)
	at base.WDFunctions.getSysTime(WDFunctions.java:150)
	at base.WDFunctions.getSysTime(WDFunctions.java:150)
	at base.WDFunctions.getSysTime(WDFunctions.java:150)
	at base.WDFunctions.getSysTime(WDFunctions.java:150)
	at base.WDFunctions.getSysTime(WDFunctions.java:150)
	at base.WDFunctions.getSysTime(WDFunctions.java:150)
	at base.WDFunctions.getSysTime(WDFunctions.java:150)
	at base.WDFunctions.getSysTime(WDFunctions.java:150)
	at base.WDFunctions.getSysTime(WDFunctions.java:150)
	at base.WDFunctions.getSysTime(WDFunctions.java:150)
	at base.WDFunctions.getSysTime(WDFunctions.java:150)
	at base.WDFunctions.getSysTime(WDFunctions.java:150)
	at base.WDFunctions.getSysTime(WDFunctions.java:150)
	at base.WDFunctions.getSysTime(WDFunctions.java:150)
	at base.WDFunctions.getSysTime(WDFunctions.java:150)
	at base.WDFunctions.getSysTime(WDFunctions.java:150)
	at base.WDFunctions.getSysTime(WDFunctions.java:150)
	at base.WDFunctions.getSysTime(WDFunctions.java:150)
	at base.WDFunctions.getSysTime(WDFunctions.java:150)
	at base.WDFunctions.getSysTime(WDFunctions.java:150)
	at base.WDFunctions.getSysTime(WDFunctions.java:150)
	at base.WDFunctions.getSysTime(WDFunctions.java:150)
	at base.WDFunctions.getSysTime(WDFunctions.java:150)
	at base.WDFunctions.getSysTime(WDFunctions.java:150)
	at base.WDFunctions.getSysTime(WDFunctions.java:150)
	at base.WDFunctions.getSysTime(WDFunctions.java:150)
	at base.WDFunctions.getSysTime(WDFunctions.java:150)
	at base.WDFunctions.getSysTime(WDFunctions.java:150)
	at base.WDFunctions.getSysTime(WDFunctions.java:150)
	at base.WDFunctions.getSysTime(WDFunctions.java:150)
	at base.WDFunctions.getSysTime(WDFunctions.java:150)
	at base.WDFunctions.getSysTime(WDFunctions.java:150)
	at base.WDFunctions.getSysTime(WDFunctions.java:150)
	at base.WDFunctions.getSysTime(WDFunctions.java:150)
	at base.WDFunctions.getSysTime(WDFunctions.java:150)
	at base.WDFunctions.getSysTime(WDFunctions.java:150)
	at base.WDFunctions.getSysTime(WDFunctions.java:150)
	at base.WDFunctions.getSysTime(WDFunctions.java:150)
[...]
	at base.WDFunctions.getSysTime(WDFunctions.java:150)
	at base.WDFunctions.getSysTime(WDFunctions.java:150)
	at base.WDFunctions.getSysTime(WDFunctions.java:150)
	at base.WDFunctions.getSysTime(WDFunctions.java:150)
	at base.WDFunctions.getSysTime(WDFunctions.java:150)
	at base.WDFunctions.getSysTime(WDFunctions.java:150)
	at base.WDFunctions.getSysTime(WDFunctions.java:150)
	at base.WDFunctions.getSysTime(WDFunctions.java:150)
	at base.WDFunctions.getSysTime(WDFunctions.java:150)
	at base.WDFunctions.getSysTime(WDFunctions.java:150)
	at base.WDFunctions.getSysTime(WDFunctions.java:150)
	at base.WDFunctions.getSysTime(WDFunctions.java:150)
	at base.WDFunctions.getSysTime(WDFunctions.java:150)
	at base.WDFunctions.getSysTime(WDFunctions.java:150)
	at base.WDFunctions.getSysTime(WDFunctions.java:150)
	at base.WDFunctions.getSysTime(WDFunctions.java:150)
	at base.WDFunctions.getSysTime(WDFunctions.java:150)
	at base.WDFunctions.getSysTime(WDFunctions.java:150)
	at base.WDFunctions.getSysTime(WDFunctions.java:150)
	at base.WDFunctions.getSysTime(WDFunctions.java:150)
	at base.WDFunctions.getSysTime(WDFunctions.java:150)
	at base.WDFunctions.getSysTime(WDFunctions.java:150)
	at base.WDFunctions.getSysTime(WDFunctions.java:150)
	at base.WDFunctions.getSysTime(WDFunctions.java:150)
	at base.WDFunctions.getSysTime(WDFunctions.java:150)
	at base.WDFunctions.getSysTime(WDFunctions.java:150)
	at base.WDFunctions.getSysTime(WDFunctions.java:150)
	at base.WDFunctions.getSysTime(WDFunctions.java:150)
	at base.WDFunctions.getSysTime(WDFunctions.java:150)
	at base.WDFunctions.getSysTime(WDFunctions.java:150)
	at base.WDFunctions.getSysTime(WDFunctions.java:150)
	at base.WDFunctions.getSysTime(WDFunctions.java:150)
	at base.WDFunctions.getSysTime(WDFunctions.java:150)
	at base.WDFunctions.getSysTime(WDFunctions.java:150)
	at base.WDFunctions.getSysTime(WDFunctions.java:150)
	at base.WDFunctions.getSysTime(WDFunctions.java:150)
	at base.WDFunctions.getSysTime(WDFunctions.java:150)
	at base.WDFunctions.getSysTime(WDFunctions.java:150)
	at base.WDFunctions.getSysTime(WDFunctions.java:150)
	at base.WDFunctions.getSysTime(WDFunctions.java:150)
	at base.WDFunctions.getSysTime(WDFunctions.java:150)
	at base.WDFunctions.getSysTime(WDFunctions.java:150)
	at base.WDFunctions.getSysTime(WDFunctions.java:150)
	at base.WDFunctions.getSysTime(WDFunctions.java:150)
	at base.WDFunctions.getSysTime(WDFunctions.java:150)
	at base.WDFunctions.getSysTime(WDFunctions.java:150)
	at base.WDFunctions.getSysTime(WDFunctions.java:150)
	at base.WDFunctions.getSysTime(WDFunctions.java:150)
	at base.WDFunctions.getSysTime(WDFunctions.java:150)
	at base.WDFunctions.getSysTime(WDFunctions.java:150)
	at base.WDFunctions.getSysTime(WDFunctions.java:150)
	at base.WDFunctions.getSysTime(WDFunctions.java:150)
	at base.WDFunctions.getSysTime(WDFunctions.java:150)
	at base.WDFunctions.getSysTime(WDFunctions.java:150)
	at base.WDFunctions.getSysTime(WDFunctions.java:150)
	at base.WDFunctions.getSysTime(WDFunctions.java:150)
	at base.WDFunctions.getSysTime(WDFunctions.java:150)
	at base.WDFunctions.getSysTime(WDFunctions.java:150)
	at base.WDFunctions.getSysTime(WDFunctions.java:150)
	at base.WDFunctions.getSysTime(WDFunctions.java:150)
	at base.WDFunctions.getSysTime(WDFunctions.java:150)
	at base.WDFunctions.getSysTime(WDFunctions.java:150)
	at base.WDFunctions.getSysTime(WDFunctions.java:150)
	at base.WDFunctions.getSysTime(WDFunctions.java:150)
	at base.WDFunctions.getSysTime(WDFunctions.java:150)
	at base.WDFunctions.getSysTime(WDFunctions.java:150)
	at base.WDFunctions.getSysTime(WDFunctions.java:150)
	at base.WDFunctions.getSysTime(WDFunctions.java:150)
	at base.WDFunctions.getSysTime(WDFunctions.java:150)
	at base.WDFunctions.getSysTime(WDFunctions.java:150)
	at base.WDFunctions.getSysTime(WDFunctions.java:150)
	at base.WDFunctions.getSysTime(WDFunctions.java:150)
	at base.WDFunctions.getSysTime(WDFunctions.java:150)
	at base.WDFunctions.getSysTime(WDFunctions.java:150)
	at base.WDFunctions.getSysTime(WDFunctions.java:150)
	at base.WDFunctions.getSysTime(WDFunctions.java:150)
	at base.WDFunctions.getSysTime(WDFunctions.java:150)
	at base.WDFunctions.getSysTime(WDFunctions.java:150)
	at base.WDFunctions.getSysTime(WDFunctions.java:150)
	at base.WDFunctions.getSysTime(WDFunctions.java:150)
	at base.WDFunctions.getSysTime(WDFunctions.java:150)
	at base.WDFunctions.getSysTime(WDFunctions.java:150)
	at base.WDFunctions.getSysTime(WDFunctions.java:150)
	at base.WDFunctions.getSysTime(WDFunctions.java:150)
	at base.WDFunctions.getSysTime(WDFunctions.java:150)
	at base.WDFunctions.getSysTime(WDFunctions.java:150)
	at base.WDFunctions.getSysTime(WDFunctions.java:150)
	at base.WDFunctions.getSysTime(WDFunctions.java:150)
	at base.WDFunctions.getSysTime(WDFunctions.java:150)
	at base.WDFunctions.getSysTime(WDFunctions.java:150)
	at base.WDFunctions.getSysTime(WDFunctions.java:150)
	at base.WDFunctions.getSysTime(WDFunctions.java:150)
	at base.WDFunctions.getSysTime(WDFunctions.java:150)
	at base.WDFunctions.getSysTime(WDFunctions.java:150)
	at base.WDFunctions.getSysTime(WDFunctions.java:150)
	at base.WDFunctions.getSysTime(WDFunctions.java:150)
	at base.WDFunctions.getSysTime(WDFunctions.java:150)
	at base.WDFunctions.getSysTime(WDFunctions.java:150)
	at base.WDFunctions.getSysTime(WDFunctions.java:150)
	at base.WDFunctions.getSysTime(WDFunctions.java:150)
	at base.WDFunctions.getSysTime(WDFunctions.java:150)
	at base.WDFunctions.getSysTime(WDFunctions.java:150)
	at base.WDFunctions.getSysTime(WDFunctions.java:150)
	at base.WDFunctions.getSysTime(WDFunctions.java:150)
	at base.WDFunctions.getSysTime(WDFunctions.java:150)
	at base.WDFunctions.getSysTime(WDFunctions.java:150)
	at base.WDFunctions.getSysTime(WDFunctions.java:150)
	at base.WDFunctions.getSysTime(WDFunctions.java:150)
	at base.WDFunctions.getSysTime(WDFunctions.java:150)
	at base.WDFunctions.getSysTime(WDFunctions.java:150)
	at base.WDFunctions.getSysTime(WDFunctions.java:150)
	at base.WDFunctions.getSysTime(WDFunctions.java:150)
	at base.WDFunctions.getSysTime(WDFunctions.java:150)
	at base.WDFunctions.getSysTime(WDFunctions.java:150)
	at base.WDFunctions.getSysTime(WDFunctions.java:150)
	at base.WDFunctions.getSysTime(WDFunctions.java:150)
	at base.WDFunctions.getSysTime(WDFunctions.java:150)
	at base.WDFunctions.getSysTime(WDFunctions.java:150)
	at base.WDFunctions.getSysTime(WDFunctions.java:150)
	at base.WDFunctions.getSysTime(WDFunctions.java:150)
	at base.WDFunctions.getSysTime(WDFunctions.java:150)
	at base.WDFunctions.getSysTime(WDFunctions.java:150)
	at base.WDFunctions.getSysTime(WDFunctions.java:150)
	at base.WDFunctions.getSysTime(WDFunctions.java:150)
	at base.WDFunctions.getSysTime(WDFunctions.java:150)
	at base.WDFunctions.getSysTime(WDFunctions.java:150)
	at base.WDFunctions.getSysTime(WDFunctions.java:150)
	at base.WDFunctions.getSysTime(WDFunctions.java:150)
	at base.WDFunctions.getSysTime(WDFunctions.java:150)
	at base.WDFunctions.getSysTime(WDFunctions.java:150)
	at base.WDFunctions.getSysTime(WDFunctions.java:150)
	at base.WDFunctions.getSysTime(WDFunctions.java:150)
	at base.WDFunctions.getSysTime(WDFunctions.java:150)
	at base.WDFunctions.getSysTime(WDFunctions.java:150)
	at base.WDFunctions.getSysTime(WDFunctions.java:150)
	at base.WDFunctions.getSysTime(WDFunctions.java:150)
	at base.WDFunctions.getSysTime(WDFunctions.java:150)
	at base.WDFunctions.getSysTime(WDFunctions.java:150)
	at base.WDFunctions.getSysTime(WDFunctions.java:150)
	at base.WDFunctions.getSysTime(WDFunctions.java:150)
	at base.WDFunctions.getSysTime(WDFunctions.java:150)
	at base.WDFunctions.getSysTime(WDFunctions.java:150)
	at base.WDFunctions.getSysTime(WDFunctions.java:150)
	at base.WDFunctions.getSysTime(WDFunctions.java:150)
	at base.WDFunctions.getSysTime(WDFunctions.java:150)
	at base.WDFunctions.getSysTime(WDFunctions.java:150)
	at base.WDFunctions.getSysTime(WDFunctions.java:150)
	at base.WDFunctions.getSysTime(WDFunctions.java:150)
	at base.WDFunctions.getSysTime(WDFunctions.java:150)
	at base.WDFunctions.getSysTime(WDFunctions.java:150)
	at base.WDFunctions.getSysTime(WDFunctions.java:150)
	at base.WDFunctions.getSysTime(WDFunctions.java:150)
	at base.WDFunctions.getSysTime(WDFunctions.java:150)
	at base.WDFunctions.getSysTime(WDFunctions.java:150)
	at base.WDFunctions.getSysTime(WDFunctions.java:150)
	at base.WDFunctions.getSysTime(WDFunctions.java:150)
	at base.WDFunctions.getSysTime(WDFunctions.java:150)
	at base.WDFunctions.getSysTime(WDFunctions.java:150)
	at base.WDFunctions.getSysTime(WDFunctions.java:150)
	at base.WDFunctions.getSysTime(WDFunctions.java:150)
	at base.WDFunctions.getSysTime(WDFunctions.java:150)
	at base.WDFunctions.getSysTime(WDFunctions.java:150)
	at base.WDFunctions.getSysTime(WDFunctions.java:150)
	at base.WDFunctions.getSysTime(WDFunctions.java:150)
	at base.WDFunctions.getSysTime(WDFunctions.java:150)
	at base.WDFunctions.getSysTime(WDFunctions.java:150)
	at base.WDFunctions.getSysTime(WDFunctions.java:150)
	at base.WDFunctions.getSysTime(WDFunctions.java:150)
	at base.WDFunctions.getSysTime(WDFunctions.java:150)
	at base.WDFunctions.getSysTime(WDFunctions.java:150)
	at base.WDFunctions.getSysTime(WDFunctions.java:150)
	at base.WDFunctions.getSysTime(WDFunctions.java:150)
	at base.WDFunctions.getSysTime(WDFunctions.java:150)
	at base.WDFunctions.getSysTime(WDFunctions.java:150)
	at base.WDFunctions.getSysTime(WDFunctions.java:150)
	at base.WDFunctions.getSysTime(WDFunctions.java:150)
	at base.WDFunctions.getSysTime(WDFunctions.java:150)
	at base.WDFunctions.getSysTime(WDFunctions.java:150)
	at base.WDFunctions.getSysTime(WDFunctions.java:150)
	at base.WDFunctions.getSysTime(WDFunctions.java:150)
	at base.WDFunctions.getSysTime(WDFunctions.java:150)
	at base.WDFunctions.getSysTime(WDFunctions.java:150)
	at base.WDFunctions.getSysTime(WDFunctions.java:150)
	at base.WDFunctions.getSysTime(WDFunctions.java:150)
	at base.WDFunctions.getSysTime(WDFunctions.java:150)
	at base.WDFunctions.getSysTime(WDFunctions.java:150)
	at base.WDFunctions.getSysTime(WDFunctions.java:150)
	at base.WDFunctions.getSysTime(WDFunctions.java:150)
	at base.WDFunctions.getSysTime(WDFunctions.java:150)
	at base.WDFunctions.getSysTime(WDFunctions.java:150)
	at base.WDFunctions.getSysTime(WDFunctions.java:150)
	at base.WDFunctions.getSysTime(WDFunctions.java:150)
	at base.WDFunctions.getSysTime(WDFunctions.java:150)
	at base.WDFunctions.getSysTime(WDFunctions.java:150)
	at base.WDFunctions.getSysTime(WDFunctions.java:150)
	at base.WDFunctions.getSysTime(WDFunctions.java:150)
	at base.WDFunctions.getSysTime(WDFunctions.java:150)
	at base.WDFunctions.getSysTime(WDFunctions.java:150)
	at base.WDFunctions.getSysTime(WDFunctions.java:150)
	at base.WDFunctions.getSysTime(WDFunctions.java:150)
	at base.WDFunctions.getSysTime(WDFunctions.java:150)
	at base.WDFunctions.getSysTime(WDFunctions.java:150)
	at base.WDFunctions.getSysTime(WDFunctions.java:150)
	at base.WDFunctions.getSysTime(WDFunctions.java:150)
	at base.WDFunctions.getSysTime(WDFunctions.java:150)
	at base.WDFunctions.getSysTime(WDFunctions.java:150)
	at base.WDFunctions.getSysTime(WDFunctions.java:150)
	at base.WDFunctions.getSysTime(WDFunctions.java:150)
	at base.WDFunctions.getSysTime(WDFunctions.java:150)
	at base.WDFunctions.getSysTime(WDFunctions.java:150)
	at base.WDFunctions.getSysTime(WDFunctions.java:150)
	at base.WDFunctions.getSysTime(WDFunctions.java:150)
	at base.WDFunctions.getSysTime(WDFunctions.java:150)
	at base.WDFunctions.getSysTime(WDFunctions.java:150)
	at base.WDFunctions.getSysTime(WDFunctions.java:150)
	at base.WDFunctions.getSysTime(WDFunctions.java:150)
	at base.WDFunctions.getSysTime(WDFunctions.java:150)
	at base.WDFunctions.getSysTime(WDFunctions.java:150)
	at base.WDFunctions.getSysTime(WDFunctions.java:150)
	at base.WDFunctions.getSysTime(WDFunctions.java:150)
	at base.WDFunctions.getSysTime(WDFunctions.java:150)
	at base.WDFunctions.getSysTime(WDFunctions.java:150)
	at base.WDFunctions.getSysTime(WDFunctions.java:150)
	at base.WDFunctions.getSysTime(WDFunctions.java:150)
	at base.WDFunctions.getSysTime(WDFunctions.java:150)
	at base.WDFunctions.getSysTime(WDFunctions.java:150)
	at base.WDFunctions.getSysTime(WDFunctions.java:150)
	at base.WDFunctions.getSysTime(WDFunctions.java:150)
	at base.WDFunctions.getSysTime(WDFunctions.java:150)
	at base.WDFunctions.getSysTime(WDFunctions.java:150)
	at base.WDFunctions.getSysTime(WDFunctions.java:150)
	at base.WDFunctions.getSysTime(WDFunctions.java:150)
	at base.WDFunctions.getSysTime(WDFunctions.java:150)
	at base.WDFunctions.getSysTime(WDFunctions.java:150)
	at base.WDFunctions.getSysTime(WDFunctions.java:150)
	at base.WDFunctions.getSysTime(WDFunctions.java:150)
	at base.WDFunctions.getSysTime(WDFunctions.java:150)
	at base.WDFunctions.getSysTime(WDFunctions.java:150)
	at base.WDFunctions.getSysTime(WDFunctions.java:150)
	at base.WDFunctions.getSysTime(WDFunctions.java:150)
	at base.WDFunctions.getSysTime(WDFunctions.java:150)
	at base.WDFunctions.getSysTime(WDFunctions.java:150)
	at base.WDFunctions.getSysTime(WDFunctions.java:150)
	at base.WDFunctions.getSysTime(WDFunctions.java:150)
	at base.WDFunctions.getSysTime(WDFunctions.java:150)
	at base.WDFunctions.getSysTime(WDFunctions.java:150)
	at base.WDFunctions.getSysTime(WDFunctions.java:150)
	at base.WDFunctions.getSysTime(WDFunctions.java:150)
	at base.WDFunctions.getSysTime(WDFunctions.java:150)
	at base.WDFunctions.getSysTime(WDFunctions.java:150)
	at base.WDFunctions.getSysTime(WDFunctions.java:150)
	at base.WDFunctions.getSysTime(WDFunctions.java:150)
	at base.WDFunctions.getSysTime(WDFunctions.java:150)
	at base.WDFunctions.getSysTime(WDFunctions.java:150)
	at base.WDFunctions.getSysTime(WDFunctions.java:150)
	at base.WDFunctions.getSysTime(WDFunctions.java:150)
	at base.WDFunctions.getSysTime(WDFunctions.java:150)
	at base.WDFunctions.getSysTime(WDFunctions.java:150)
	at base.WDFunctions.getSysTime(WDFunctions.java:150)
	at base.WDFunctions.getSysTime(WDFunctions.java:150)
	at base.WDFunctions.getSysTime(WDFunctions.java:150)
	at base.WDFunctions.getSysTime(WDFunctions.java:150)
	at base.WDFunctions.getSysTime(WDFunctions.java:150)
	at base.WDFunctions.getSysTime(WDFunctions.java:150)
	at base.WDFunctions.getSysTime(WDFunctions.java:150)
	at base.WDFunctions.getSysTime(WDFunctions.java:150)
	at base.WDFunctions.getSysTime(WDFunctions.java:150)
	at base.WDFunctions.getSysTime(WDFunctions.java:150)
	at base.WDFunctions.getSysTime(WDFunctions.java:150)
	at base.WDFunctions.getSysTime(WDFunctions.java:150)
	at base.WDFunctions.getSysTime(WDFunctions.java:150)
	at base.WDFunctions.getSysTime(WDFunctions.java:150)
	at base.WDFunctions.getSysTime(WDFunctions.java:150)
	at base.WDFunctions.getSysTime(WDFunctions.java:150)
	at base.WDFunctions.getSysTime(WDFunctions.java:150)
	at base.WDFunctions.getSysTime(WDFunctions.java:150)
	at base.WDFunctions.getSysTime(WDFunctions.java:150)
	at base.WDFunctions.getSysTime(WDFunctions.java:150)
	at base.WDFunctions.getSysTime(WDFunctions.java:150)
	at base.WDFunctions.getSysTime(WDFunctions.java:150)
	at base.WDFunctions.getSysTime(WDFunctions.java:150)
	at base.WDFunctions.getSysTime(WDFunctions.java:150)
	at base.WDFunctions.getSysTime(WDFunctions.java:150)
	at base.WDFunctions.getSysTime(WDFunctions.java:150)
	at base.WDFunctions.getSysTime(WDFunctions.java:150)
	at base.WDFunctions.getSysTime(WDFunctions.java:150)
	at base.WDFunctions.getSysTime(WDFunctions.java:150)
	at base.WDFunctions.getSysTime(WDFunctions.java:150)
	at base.WDFunctions.getSysTime(WDFunctions.java:150)
	at base.WDFunctions.getSysTime(WDFunctions.java:150)
	at base.WDFunctions.getSysTime(WDFunctions.java:150)
	at base.WDFunctions.getSysTime(WDFunctions.java:150)
	at base.WDFunctions.getSysTime(WDFunctions.java:150)
	at base.WDFunctions.getSysTime(WDFunctions.java:150)
	at base.WDFunctions.getSysTime(WDFunctions.java:150)
	at base.WDFunctions.getSysTime(WDFunctions.java:150)
	at base.WDFunctions.getSysTime(WDFunctions.java:150)
	at base.WDFunctions.getSysTime(WDFunctions.java:150)
	at base.WDFunctions.getSysTime(WDFunctions.java:150)
	at base.WDFunctions.getSysTime(WDFunctions.java:150)
	at base.WDFunctions.getSysTime(WDFunctions.java:150)
	at base.WDFunctions.getSysTime(WDFunctions.java:150)
	at base.WDFunctions.getSysTime(WDFunctions.java:150)
	at base.WDFunctions.getSysTime(WDFunctions.java:150)
	at base.WDFunctions.getSysTime(WDFunctions.java:150)
	at base.WDFunctions.getSysTime(WDFunctions.java:150)
	at base.WDFunctions.getSysTime(WDFunctions.java:150)
	at base.WDFunctions.getSysTime(WDFunctions.java:150)
	at base.WDFunctions.getSysTime(WDFunctions.java:150)
	at base.WDFunctions.getSysTime(WDFunctions.java:150)
	at base.WDFunctions.getSysTime(WDFunctions.java:150)
	at base.WDFunctions.getSysTime(WDFunctions.java:150)
	at base.WDFunctions.getSysTime(WDFunctions.java:150)
	at base.WDFunctions.getSysTime(WDFunctions.java:150)
	at base.WDFunctions.getSysTime(WDFunctions.java:150)
	at base.WDFunctions.getSysTime(WDFunctions.java:150)
	at base.WDFunctions.getSysTime(WDFunctions.java:150)
	at base.WDFunctions.getSysTime(WDFunctions.java:150)
	at base.WDFunctions.getSysTime(WDFunctions.java:150)
	at base.WDFunctions.getSysTime(WDFunctions.java:150)
	at base.WDFunctions.getSysTime(WDFunctions.java:150)
	at base.WDFunctions.getSysTime(WDFunctions.java:150)
	at base.WDFunctions.getSysTime(WDFunctions.java:150)
	at base.WDFunctions.getSysTime(WDFunctions.java:150)
	at base.WDFunctions.getSysTime(WDFunctions.java:150)
	at base.WDFunctions.getSysTime(WDFunctions.java:150)
	at base.WDFunctions.getSysTime(WDFunctions.java:150)
	at base.WDFunctions.getSysTime(WDFunctions.java:150)
	at base.WDFunctions.getSysTime(WDFunctions.java:150)
	at base.WDFunctions.getSysTime(WDFunctions.java:150)
	at base.WDFunctions.getSysTime(WDFunctions.java:150)
	at base.WDFunctions.getSysTime(WDFunctions.java:150)
	at base.WDFunctions.getSysTime(WDFunctions.java:150)
	at base.WDFunctions.getSysTime(WDFunctions.java:150)
	at base.WDFunctions.getSysTime(WDFunctions.java:150)
	at base.WDFunctions.getSysTime(WDFunctions.java:150)
	at base.WDFunctions.getSysTime(WDFunctions.java:150)
	at base.WDFunctions.getSysTime(WDFunctions.java:150)
	at base.WDFunctions.getSysTime(WDFunctions.java:150)
	at base.WDFunctions.getSysTime(WDFunctions.java:150)
	at base.WDFunctions.getSysTime(WDFunctions.java:150)
	at base.WDFunctions.getSysTime(WDFunctions.java:150)
	at base.WDFunctions.getSysTime(WDFunctions.java:150)
	at base.WDFunctions.getSysTime(WDFunctions.java:150)
	at base.WDFunctions.getSysTime(WDFunctions.java:150)
	at base.WDFunctions.getSysTime(WDFunctions.java:150)
	at base.WDFunctions.getSysTime(WDFunctions.java:150)
	at base.WDFunctions.getSysTime(WDFunctions.java:150)
	at base.WDFunctions.getSysTime(WDFunctions.java:150)
	at base.WDFunctions.getSysTime(WDFunctions.java:150)
	at base.WDFunctions.getSysTime(WDFunctions.java:150)
	at base.WDFunctions.getSysTime(WDFunctions.java:150)
	at base.WDFunctions.getSysTime(WDFunctions.java:150)
	at base.WDFunctions.getSysTime(WDFunctions.java:150)
	at base.WDFunctions.getSysTime(WDFunctions.java:150)
	at base.WDFunctions.getSysTime(WDFunctions.java:150)
	at base.WDFunctions.getSysTime(WDFunctions.java:150)
	at base.WDFunctions.getSysTime(WDFunctions.java:150)
	at base.WDFunctions.getSysTime(WDFunctions.java:150)
	at base.WDFunctions.getSysTime(WDFunctions.java:150)
	at base.WDFunctions.getSysTime(WDFunctions.java:150)
	at base.WDFunctions.getSysTime(WDFunctions.java:150)
	at base.WDFunctions.getSysTime(WDFunctions.java:150)
	at base.WDFunctions.getSysTime(WDFunctions.java:150)
	at base.WDFunctions.getSysTime(WDFunctions.java:150)
	at base.WDFunctions.getSysTime(WDFunctions.java:150)
	at base.WDFunctions.getSysTime(WDFunctions.java:150)
	at base.WDFunctions.getSysTime(WDFunctions.java:150)
]]>
    </failure>
  </testcase> <!-- Sucessfully_delete_mail_Test -->
</testsuite> <!-- Running Smoke suite in chrome -->
